2014-06-29 19:30:19 [CLIENT] [INFO] Setting user: Player1234
2014-06-29 19:30:19 [CLIENT] [INFO] LWJGL Version: 2.9.0
2014-06-29 19:30:22 [CLIENT] [INFO] Reloading ResourceManager: Default
2014-06-29 19:30:27 [CLIENT] [INFO] Reloading ResourceManager: Default, FMLFileResourcePack:Forge Mod Loader, FMLFileResourcePack:Minecraft Forge, FMLFileResourcePack:Example Mod, FMLFileResourcePack:Femtocraft
2014-06-29 19:31:45 [CLIENT] [INFO] Setting user: Player1234
2014-06-29 19:31:46 [CLIENT] [INFO] LWJGL Version: 2.9.0
2014-06-29 19:31:47 [CLIENT] [INFO] Reloading ResourceManager: Default
2014-06-29 19:31:52 [CLIENT] [INFO] Reloading ResourceManager: Default, FMLFileResourcePack:Forge Mod Loader, FMLFileResourcePack:Minecraft Forge, FMLFileResourcePack:Example Mod, FMLFileResourcePack:Femtocraft
2014-06-29 19:32:56 [CLIENT] [INFO] Setting user: Player1234
2014-06-29 19:32:57 [CLIENT] [INFO] LWJGL Version: 2.9.0
2014-06-29 19:32:58 [CLIENT] [INFO] Reloading ResourceManager: Default
2014-06-29 19:33:03 [CLIENT] [INFO] Reloading ResourceManager: Default, FMLFileResourcePack:Forge Mod Loader, FMLFileResourcePack:Minecraft Forge, FMLFileResourcePack:Example Mod, FMLFileResourcePack:Femtocraft
2014-06-29 19:33:41 [CLIENT] [INFO] Setting user: Player1234
2014-06-29 19:33:42 [CLIENT] [INFO] LWJGL Version: 2.9.0
2014-06-29 19:33:43 [CLIENT] [INFO] Reloading ResourceManager: Default
2014-06-29 19:33:49 [CLIENT] [INFO] Reloading ResourceManager: Default, FMLFileResourcePack:Forge Mod Loader, FMLFileResourcePack:Minecraft Forge, FMLFileResourcePack:Example Mod, FMLFileResourcePack:Femtocraft
2014-06-29 19:36:27 [CLIENT] [INFO] Setting user: Player1234
2014-06-29 19:36:27 [CLIENT] [INFO] LWJGL Version: 2.9.0
2014-06-29 19:36:29 [CLIENT] [INFO] Reloading ResourceManager: Default
2014-06-29 19:36:34 [CLIENT] [INFO] Reloading ResourceManager: Default, FMLFileResourcePack:Forge Mod Loader, FMLFileResourcePack:Minecraft Forge, FMLFileResourcePack:Example Mod, FMLFileResourcePack:Femtocraft
2014-06-29 19:38:21 [CLIENT] [INFO] Setting user: Player1234
2014-06-29 19:38:21 [CLIENT] [INFO] LWJGL Version: 2.9.0
2014-06-29 19:38:23 [CLIENT] [INFO] Reloading ResourceManager: Default
2014-06-29 19:38:28 [CLIENT] [INFO] Reloading ResourceManager: Default, FMLFileResourcePack:Forge Mod Loader, FMLFileResourcePack:Minecraft Forge, FMLFileResourcePack:Example Mod, FMLFileResourcePack:Femtocraft
2014-06-29 20:12:08 [CLIENT] [INFO] Setting user: Player1234
2014-06-29 20:12:09 [CLIENT] [INFO] LWJGL Version: 2.9.0
2014-06-29 20:12:10 [CLIENT] [INFO] Reloading ResourceManager: Default
2014-06-29 20:12:15 [CLIENT] [INFO] Reloading ResourceManager: Default, FMLFileResourcePack:Forge Mod Loader, FMLFileResourcePack:Minecraft Forge, FMLFileResourcePack:examplemod, FMLFileResourcePack:Femtocraft
2014-06-29 20:17:47 [CLIENT] [INFO] Setting user: Player1234
2014-06-29 20:17:47 [CLIENT] [INFO] LWJGL Version: 2.9.0
2014-06-29 20:17:49 [CLIENT] [INFO] Reloading ResourceManager: Default
2014-06-29 20:17:54 [CLIENT] [INFO] Reloading ResourceManager: Default, FMLFileResourcePack:Forge Mod Loader, FMLFileResourcePack:Minecraft Forge, FMLFileResourcePack:examplemod, FMLFileResourcePack:Femtocraft
2014-06-29 20:19:01 [CLIENT] [INFO] Setting user: Player1234
2014-06-29 20:19:02 [CLIENT] [INFO] LWJGL Version: 2.9.0
2014-06-29 20:19:04 [CLIENT] [INFO] Reloading ResourceManager: Default
2014-06-29 20:19:09 [CLIENT] [INFO] Reloading ResourceManager: Default, FMLFileResourcePack:Forge Mod Loader, FMLFileResourcePack:Minecraft Forge, FMLFileResourcePack:examplemod, FMLFileResourcePack:Femtocraft
2014-06-29 20:19:25 [CLIENT] [INFO] Setting user: Player1234
2014-06-29 20:19:26 [CLIENT] [INFO] LWJGL Version: 2.9.0
2014-06-29 20:19:27 [CLIENT] [INFO] Reloading ResourceManager: Default
2014-06-29 20:19:33 [CLIENT] [INFO] Reloading ResourceManager: Default, FMLFileResourcePack:Forge Mod Loader, FMLFileResourcePack:Minecraft Forge, FMLFileResourcePack:examplemod, FMLFileResourcePack:Femtocraft
2014-06-29 20:21:34 [CLIENT] [INFO] Setting user: Player1234
2014-06-29 20:21:34 [CLIENT] [INFO] LWJGL Version: 2.9.0
2014-06-29 20:21:36 [CLIENT] [INFO] Reloading ResourceManager: Default
2014-06-29 20:21:41 [CLIENT] [INFO] Reloading ResourceManager: Default, FMLFileResourcePack:Forge Mod Loader, FMLFileResourcePack:Minecraft Forge, FMLFileResourcePack:examplemod, FMLFileResourcePack:Femtocraft
2014-06-29 20:23:21 [CLIENT] [INFO] Setting user: Player1234
2014-06-29 20:23:22 [CLIENT] [INFO] LWJGL Version: 2.9.0
2014-06-29 20:23:23 [CLIENT] [INFO] Reloading ResourceManager: Default
2014-06-29 20:23:28 [CLIENT] [INFO] Reloading ResourceManager: Default, FMLFileResourcePack:Forge Mod Loader, FMLFileResourcePack:Minecraft Forge, FMLFileResourcePack:examplemod, FMLFileResourcePack:Femtocraft
2014-06-29 20:23:30 [CLIENT] [INFO] Reloading ResourceManager: Default, FMLFileResourcePack:Forge Mod Loader, FMLFileResourcePack:Minecraft Forge, FMLFileResourcePack:examplemod, FMLFileResourcePack:Femtocraft
2014-06-29 20:23:30 [CLIENT] [SEVERE] Using missing texture, unable to load: femtocraft:textures/items/item.ItemNerveCluster.png
2014-06-29 20:23:30 [CLIENT] [SEVERE] Using missing texture, unable to load: femtocraft:textures/items/item.ItemSynthesizedFiber.png
2014-06-29 20:23:30 [CLIENT] [SEVERE] Using missing texture, unable to load: femtocraft:textures/items/item.ItemIngotTitanium.png
2014-06-29 20:23:30 [CLIENT] [SEVERE] Using missing texture, unable to load: femtocraft:textures/items/item.ItemSpool.png
2014-06-29 20:23:30 [CLIENT] [SEVERE] Using missing texture, unable to load: femtocraft:textures/items/item.ItemCubit.png
2014-06-29 20:23:30 [CLIENT] [SEVERE] Using missing texture, unable to load: femtocraft:textures/items/item.ItemFlorite.png
2014-06-29 20:23:30 [CLIENT] [SEVERE] Using missing texture, unable to load: femtocraft:textures/items/item.ItemMineralLattice.png
2014-06-29 20:23:30 [CLIENT] [SEVERE] Using missing texture, unable to load: femtocraft:textures/items/item.ItemProteinChain.png
2014-06-29 20:23:30 [CLIENT] [SEVERE] Using missing texture, unable to load: femtocraft:textures/items/item.ItemMorphicChannel.png
2014-06-29 20:23:30 [CLIENT] [SEVERE] Using missing texture, unable to load: femtocraft:textures/items/item.ItemFaunite.png
2014-06-29 20:23:30 [CLIENT] [SEVERE] Using missing texture, unable to load: femtocraft:textures/items/item.ItemDopedBoard.png
2014-06-29 20:23:30 [CLIENT] [SEVERE] Using missing texture, unable to load: femtocraft:textures/items/item.ItemConductivePowder.png
2014-06-29 20:23:30 [CLIENT] [SEVERE] Using missing texture, unable to load: femtocraft:textures/items/item.ItemMicrochip.png
2014-06-29 20:23:30 [CLIENT] [SEVERE] Using missing texture, unable to load: femtocraft:textures/items/item.ItemOrganometallicPlate.png
2014-06-29 20:23:30 [CLIENT] [SEVERE] Using missing texture, unable to load: femtocraft:textures/items/item.ItemIngotMalenite.png
2014-06-29 20:23:30 [CLIENT] [SEVERE] Using missing texture, unable to load: femtocraft:textures/items/item.ItemMetallite.png
2014-06-29 20:23:30 [CLIENT] [SEVERE] Using missing texture, unable to load: femtocraft:textures/items/item.ItemElectrite.png
2014-06-29 20:23:30 [CLIENT] [SEVERE] Using missing texture, unable to load: femtocraft:textures/items/item.ItemMicroPlating.png
2014-06-29 20:23:30 [CLIENT] [SEVERE] Using missing texture, unable to load: femtocraft:textures/items/item.ItemFungalSpores.png
2014-06-29 20:23:30 [CLIENT] [SEVERE] Using missing texture, unable to load: femtocraft:textures/items/item.ItemMicroCoil.png
2014-06-29 20:23:30 [CLIENT] [SEVERE] Using missing texture, unable to load: femtocraft:textures/items/item.ItemSpoolGold.png
2014-06-29 20:23:30 [CLIENT] [SEVERE] Using missing texture, unable to load: femtocraft:textures/items/item.ItemSpoolPlatinum.png
2014-06-29 20:23:30 [CLIENT] [SEVERE] Using missing texture, unable to load: femtocraft:textures/items/item.itemHeatingElement.png
2014-06-29 20:23:30 [CLIENT] [SEVERE] Using missing texture, unable to load: femtocraft:textures/items/item.ItemConductiveAlloy.png
2014-06-29 20:23:30 [CLIENT] [SEVERE] Using missing texture, unable to load: femtocraft:textures/items/item.ItemMineralite.png
2014-06-29 20:23:30 [CLIENT] [SEVERE] Using missing texture, unable to load: femtocraft:textures/items/item.ItemPlaneoid.png
2014-06-29 20:23:30 [CLIENT] [SEVERE] Using missing texture, unable to load: femtocraft:textures/items/item.ItemReplicatingMaterial.png
2014-06-29 20:23:30 [CLIENT] [SEVERE] Using missing texture, unable to load: femtocraft:textures/items/item.ItemCrystallite.png
2014-06-29 20:23:30 [CLIENT] [SEVERE] Using missing texture, unable to load: femtocraft:textures/items/item.ItemIngotFarenite.png
2014-06-29 20:23:30 [CLIENT] [SEVERE] Using missing texture, unable to load: femtocraft:textures/items/item.ItemIngotThorium.png
2014-06-29 20:23:30 [CLIENT] [SEVERE] Using missing texture, unable to load: femtocraft:textures/items/item.ItemMicroLogicCore.png
2014-06-29 20:23:30 [CLIENT] [SEVERE] Using missing texture, unable to load: femtocraft:textures/items/item.ItemIonicChunk.png
2014-06-29 20:23:30 [CLIENT] [SEVERE] Using missing texture, unable to load: femtocraft:textures/items/item.ItemFibrousStrand.png
2014-06-29 20:23:30 [CLIENT] [SEVERE] Using missing texture, unable to load: femtocraft:textures/items/item.ItemPrimedBoard.png
2014-06-29 20:23:30 [CLIENT] [SEVERE] Using missing texture, unable to load: femtocraft:textures/items/item.ItemIngotTemperedTitanium.png
2014-06-29 20:23:30 [CLIENT] [SEVERE] Using missing texture, unable to load: femtocraft:textures/items/item.ItemMicroCrystal.png
2014-06-29 20:23:30 [CLIENT] [SEVERE] Using missing texture, unable to load: femtocraft:textures/items/item.ItemIngotPlatinum.png
2014-06-29 20:23:30 [CLIENT] [SEVERE] Using missing texture, unable to load: femtocraft:textures/items/item.ItemRectangulon.png
2014-06-29 20:23:30 [CLIENT] [SEVERE] Using missing texture, unable to load: femtocraft:textures/items/item.ItemMetalComposite.png
2014-06-29 20:23:30 [CLIENT] [SEVERE] Using missing texture, unable to load: femtocraft:textures/items/item.ItemSpinyFilament.png
2014-06-29 20:23:30 [CLIENT] [SEVERE] Using missing texture, unable to load: femtocraft:textures/items/item.ItemHardenedBulb.png
2014-06-29 20:23:30 [CLIENT] [SEVERE] Using missing texture, unable to load: femtocraft:textures/items/item.ItemBoard.png
2014-06-29 20:23:30 [CLIENT] [SEVERE] Using missing texture, unable to load: minecraft:textures/blocks/MISSING_ICON_TILE_415_BlockStellaratorOpticalMaser.png
2014-06-29 20:23:30 [CLIENT] [SEVERE] Using missing texture, unable to load: minecraft:textures/blocks/MISSING_ICON_TILE_506_blockNullEqualizer.png
2014-06-29 20:23:30 [CLIENT] [SEVERE] Using missing texture, unable to load: minecraft:textures/blocks/MISSING_ICON_TILE_451_null.png
2014-06-29 20:23:30 [CLIENT] [SEVERE] Using missing texture, unable to load: minecraft:textures/blocks/MISSING_ICON_TILE_4082_BlockConsumer.png
2014-06-29 20:23:30 [CLIENT] [SEVERE] Using missing texture, unable to load: minecraft:textures/blocks/MISSING_ICON_TILE_505_blockOrbitalEqualizer.png
2014-06-29 20:23:30 [CLIENT] [SEVERE] Using missing texture, unable to load: minecraft:textures/blocks/MISSING_ICON_TILE_4083_BlockGenerator.png
2014-06-29 20:23:31 [CLIENT] [SEVERE] Realms: Server not available!
2014-06-29 20:23:41 [CLIENT] [INFO] [CHAT] Basic Circuits successfully researched.
2014-06-29 20:23:41 [CLIENT] [INFO] [CHAT] New technology Machining discovered.
2014-06-29 20:23:41 [CLIENT] [INFO] [CHAT] New technology Potentiality discovered.
2014-06-29 20:23:41 [CLIENT] [INFO] [CHAT] Basic Chemistry successfully researched.
2014-06-29 20:23:41 [CLIENT] [INFO] [CHAT] New technology Potentiality discovered.
2014-06-29 20:23:41 [CLIENT] [INFO] [CHAT] Potentiality Transformation successfully researched.
2014-06-29 20:23:41 [CLIENT] [INFO] [CHAT] Star Matter Recollection successfully researched.
2014-06-29 20:23:41 [CLIENT] [INFO] [CHAT] Metallurgy successfully researched.
2014-06-29 20:23:41 [CLIENT] [INFO] [CHAT] New technology Machining discovered.
2014-06-29 20:23:41 [CLIENT] [INFO] [CHAT] Machining successfully researched.
2014-06-29 20:23:41 [CLIENT] [INFO] [CHAT] New technology Mechanical Precision discovered.
2014-06-29 20:23:41 [CLIENT] [INFO] [CHAT] Potentiality successfully researched.
2014-06-29 20:23:41 [CLIENT] [INFO] [CHAT] Corruption Stabilization successfully researched.
2014-06-29 20:23:41 [CLIENT] [INFO] [CHAT] VacuumTube Hub successfully researched.
2014-06-29 20:23:41 [CLIENT] [INFO] [CHAT] New technology Discriminating Vacuum Tube discovered.
2014-06-29 20:23:41 [CLIENT] [INFO] [CHAT] Perfect Scheduling successfully researched.
2014-06-29 20:23:41 [CLIENT] [INFO] [CHAT] Applied Particle Physics successfully researched.
2014-06-29 20:23:41 [CLIENT] [INFO] [CHAT] Advanced Programming successfully researched.
2014-06-29 20:23:41 [CLIENT] [INFO] [CHAT] Geothermal Harnessing successfully researched.
2014-06-29 20:23:41 [CLIENT] [INFO] [CHAT] Macroscopic Structures successfully researched.
2014-06-29 20:23:41 [CLIENT] [INFO] [CHAT] Mechanical Precision successfully researched.
2014-06-29 20:23:41 [CLIENT] [INFO] [CHAT] Industrial Storage successfully researched.
2014-06-29 20:23:41 [CLIENT] [INFO] [CHAT] Singularity Calculator successfully researched.
2014-06-29 20:23:41 [CLIENT] [INFO] [CHAT] Discriminating Vacuum Tube successfully researched.
2014-06-29 20:23:41 [CLIENT] [INFO] [CHAT] Reality Overclocker successfully researched.
2014-06-29 20:23:41 [CLIENT] [INFO] [CHAT] New technology Spacetime Exploitation discovered.
2014-06-29 20:23:41 [CLIENT] [INFO] [CHAT] Spacetime Exploitation successfully researched.
2014-06-29 20:23:41 [CLIENT] [INFO] [CHAT] Artificial Materials successfully researched.
2014-06-29 20:23:41 [CLIENT] [INFO] [CHAT] Element Manufacturing successfully researched.
2014-06-29 20:24:14 [CLIENT] [INFO] Stopping!
2014-06-29 22:07:37 [CLIENT] [INFO] Setting user: Player1234
2014-06-29 22:07:38 [CLIENT] [INFO] LWJGL Version: 2.9.0
2014-06-29 22:07:39 [CLIENT] [INFO] Reloading ResourceManager: Default
2014-06-29 22:07:45 [CLIENT] [INFO] Reloading ResourceManager: Default, FMLFileResourcePack:Forge Mod Loader, FMLFileResourcePack:Minecraft Forge, FMLFileResourcePack:examplemod, FMLFileResourcePack:Femtocraft
2014-06-29 22:07:46 [CLIENT] [INFO] Reloading ResourceManager: Default, FMLFileResourcePack:Forge Mod Loader, FMLFileResourcePack:Minecraft Forge, FMLFileResourcePack:examplemod, FMLFileResourcePack:Femtocraft
2014-06-29 22:07:46 [CLIENT] [SEVERE] Using missing texture, unable to load: femtocraft:textures/items/item.ItemNerveCluster.png
2014-06-29 22:07:46 [CLIENT] [SEVERE] Using missing texture, unable to load: femtocraft:textures/items/item.ItemSynthesizedFiber.png
2014-06-29 22:07:46 [CLIENT] [SEVERE] Using missing texture, unable to load: femtocraft:textures/items/item.ItemIngotTitanium.png
2014-06-29 22:07:46 [CLIENT] [SEVERE] Using missing texture, unable to load: femtocraft:textures/items/item.ItemSpool.png
2014-06-29 22:07:46 [CLIENT] [SEVERE] Using missing texture, unable to load: femtocraft:textures/items/item.ItemCubit.png
2014-06-29 22:07:46 [CLIENT] [SEVERE] Using missing texture, unable to load: femtocraft:textures/items/item.ItemFlorite.png
2014-06-29 22:07:46 [CLIENT] [SEVERE] Using missing texture, unable to load: femtocraft:textures/items/item.ItemMineralLattice.png
2014-06-29 22:07:46 [CLIENT] [SEVERE] Using missing texture, unable to load: femtocraft:textures/items/item.ItemProteinChain.png
2014-06-29 22:07:46 [CLIENT] [SEVERE] Using missing texture, unable to load: femtocraft:textures/items/item.ItemMorphicChannel.png
2014-06-29 22:07:46 [CLIENT] [SEVERE] Using missing texture, unable to load: femtocraft:textures/items/item.ItemFaunite.png
2014-06-29 22:07:46 [CLIENT] [SEVERE] Using missing texture, unable to load: femtocraft:textures/items/item.ItemDopedBoard.png
2014-06-29 22:07:46 [CLIENT] [SEVERE] Using missing texture, unable to load: femtocraft:textures/items/item.ItemConductivePowder.png
2014-06-29 22:07:46 [CLIENT] [SEVERE] Using missing texture, unable to load: femtocraft:textures/items/item.ItemMicrochip.png
2014-06-29 22:07:46 [CLIENT] [SEVERE] Using missing texture, unable to load: femtocraft:textures/items/item.ItemOrganometallicPlate.png
2014-06-29 22:07:46 [CLIENT] [SEVERE] Using missing texture, unable to load: femtocraft:textures/items/item.ItemIngotMalenite.png
2014-06-29 22:07:46 [CLIENT] [SEVERE] Using missing texture, unable to load: femtocraft:textures/items/item.ItemMetallite.png
2014-06-29 22:07:46 [CLIENT] [SEVERE] Using missing texture, unable to load: femtocraft:textures/items/item.ItemElectrite.png
2014-06-29 22:07:46 [CLIENT] [SEVERE] Using missing texture, unable to load: femtocraft:textures/items/item.ItemMicroPlating.png
2014-06-29 22:07:46 [CLIENT] [SEVERE] Using missing texture, unable to load: femtocraft:textures/items/item.ItemFungalSpores.png
2014-06-29 22:07:46 [CLIENT] [SEVERE] Using missing texture, unable to load: femtocraft:textures/items/item.ItemMicroCoil.png
2014-06-29 22:07:46 [CLIENT] [SEVERE] Using missing texture, unable to load: femtocraft:textures/items/item.ItemSpoolGold.png
2014-06-29 22:07:46 [CLIENT] [SEVERE] Using missing texture, unable to load: femtocraft:textures/items/item.ItemSpoolPlatinum.png
2014-06-29 22:07:46 [CLIENT] [SEVERE] Using missing texture, unable to load: femtocraft:textures/items/item.itemHeatingElement.png
2014-06-29 22:07:46 [CLIENT] [SEVERE] Using missing texture, unable to load: femtocraft:textures/items/item.ItemConductiveAlloy.png
2014-06-29 22:07:46 [CLIENT] [SEVERE] Using missing texture, unable to load: femtocraft:textures/items/item.ItemMineralite.png
2014-06-29 22:07:46 [CLIENT] [SEVERE] Using missing texture, unable to load: femtocraft:textures/items/item.ItemPlaneoid.png
2014-06-29 22:07:47 [CLIENT] [SEVERE] Using missing texture, unable to load: femtocraft:textures/items/item.ItemReplicatingMaterial.png
2014-06-29 22:07:47 [CLIENT] [SEVERE] Using missing texture, unable to load: femtocraft:textures/items/item.ItemCrystallite.png
2014-06-29 22:07:47 [CLIENT] [SEVERE] Using missing texture, unable to load: femtocraft:textures/items/item.ItemIngotFarenite.png
2014-06-29 22:07:47 [CLIENT] [SEVERE] Using missing texture, unable to load: femtocraft:textures/items/item.ItemIngotThorium.png
2014-06-29 22:07:47 [CLIENT] [SEVERE] Using missing texture, unable to load: femtocraft:textures/items/item.ItemMicroLogicCore.png
2014-06-29 22:07:47 [CLIENT] [SEVERE] Using missing texture, unable to load: femtocraft:textures/items/item.ItemIonicChunk.png
2014-06-29 22:07:47 [CLIENT] [SEVERE] Using missing texture, unable to load: femtocraft:textures/items/item.ItemFibrousStrand.png
2014-06-29 22:07:47 [CLIENT] [SEVERE] Using missing texture, unable to load: femtocraft:textures/items/item.ItemPrimedBoard.png
2014-06-29 22:07:47 [CLIENT] [SEVERE] Using missing texture, unable to load: femtocraft:textures/items/item.ItemIngotTemperedTitanium.png
2014-06-29 22:07:47 [CLIENT] [SEVERE] Using missing texture, unable to load: femtocraft:textures/items/item.ItemMicroCrystal.png
2014-06-29 22:07:47 [CLIENT] [SEVERE] Using missing texture, unable to load: femtocraft:textures/items/item.ItemIngotPlatinum.png
2014-06-29 22:07:47 [CLIENT] [SEVERE] Using missing texture, unable to load: femtocraft:textures/items/item.ItemRectangulon.png
2014-06-29 22:07:47 [CLIENT] [SEVERE] Using missing texture, unable to load: femtocraft:textures/items/item.ItemMetalComposite.png
2014-06-29 22:07:47 [CLIENT] [SEVERE] Using missing texture, unable to load: femtocraft:textures/items/item.ItemSpinyFilament.png
2014-06-29 22:07:47 [CLIENT] [SEVERE] Using missing texture, unable to load: femtocraft:textures/items/item.ItemHardenedBulb.png
2014-06-29 22:07:47 [CLIENT] [SEVERE] Using missing texture, unable to load: femtocraft:textures/items/item.ItemBoard.png
2014-06-29 22:07:47 [CLIENT] [SEVERE] Using missing texture, unable to load: minecraft:textures/blocks/MISSING_ICON_TILE_415_BlockStellaratorOpticalMaser.png
2014-06-29 22:07:47 [CLIENT] [SEVERE] Using missing texture, unable to load: minecraft:textures/blocks/MISSING_ICON_TILE_506_blockNullEqualizer.png
2014-06-29 22:07:47 [CLIENT] [SEVERE] Using missing texture, unable to load: minecraft:textures/blocks/MISSING_ICON_TILE_451_null.png
2014-06-29 22:07:47 [CLIENT] [SEVERE] Using missing texture, unable to load: minecraft:textures/blocks/MISSING_ICON_TILE_4082_BlockConsumer.png
2014-06-29 22:07:47 [CLIENT] [SEVERE] Using missing texture, unable to load: minecraft:textures/blocks/MISSING_ICON_TILE_505_blockOrbitalEqualizer.png
2014-06-29 22:07:47 [CLIENT] [SEVERE] Using missing texture, unable to load: minecraft:textures/blocks/MISSING_ICON_TILE_4083_BlockGenerator.png
2014-06-29 22:07:47 [CLIENT] [SEVERE] Realms: Server not available!
2014-06-29 22:08:00 [CLIENT] [INFO] Stopping!
2014-06-29 22:40:20 [CLIENT] [INFO] Setting user: Player1234
2014-06-29 22:40:21 [CLIENT] [INFO] LWJGL Version: 2.9.0
2014-06-29 22:40:23 [CLIENT] [INFO] Reloading ResourceManager: Default
2014-06-29 22:40:29 [CLIENT] [INFO] Reloading ResourceManager: Default, FMLFileResourcePack:Forge Mod Loader, FMLFileResourcePack:Minecraft Forge, FMLFileResourcePack:Femtocraft
2014-06-29 22:42:20 [CLIENT] [INFO] Setting user: Player1234
2014-06-29 22:42:21 [CLIENT] [INFO] LWJGL Version: 2.9.0
2014-06-29 22:42:23 [CLIENT] [INFO] Reloading ResourceManager: Default
2014-06-29 22:42:28 [CLIENT] [INFO] Reloading ResourceManager: Default, FMLFileResourcePack:Forge Mod Loader, FMLFileResourcePack:Minecraft Forge, FMLFileResourcePack:Femtocraft
2014-06-29 22:42:40 [CLIENT] [INFO] Setting user: Player1234
2014-06-29 22:42:41 [CLIENT] [INFO] LWJGL Version: 2.9.0
2014-06-29 22:42:42 [CLIENT] [INFO] Reloading ResourceManager: Default
2014-06-29 22:42:48 [CLIENT] [INFO] Reloading ResourceManager: Default, FMLFileResourcePack:Forge Mod Loader, FMLFileResourcePack:Minecraft Forge, FMLFileResourcePack:Femtocraft
2014-06-29 22:42:50 [CLIENT] [INFO] Reloading ResourceManager: Default, FMLFileResourcePack:Forge Mod Loader, FMLFileResourcePack:Minecraft Forge, FMLFileResourcePack:Femtocraft
2014-06-29 22:42:50 [CLIENT] [SEVERE] Using missing texture, unable to load: femtocraft:textures/items/item.ItemNerveCluster.png
2014-06-29 22:42:50 [CLIENT] [SEVERE] Using missing texture, unable to load: femtocraft:textures/items/item.ItemSynthesizedFiber.png
2014-06-29 22:42:50 [CLIENT] [SEVERE] Using missing texture, unable to load: femtocraft:textures/items/item.ItemIngotTitanium.png
2014-06-29 22:42:50 [CLIENT] [SEVERE] Using missing texture, unable to load: femtocraft:textures/items/item.ItemSpool.png
2014-06-29 22:42:50 [CLIENT] [SEVERE] Using missing texture, unable to load: femtocraft:textures/items/item.ItemCubit.png
2014-06-29 22:42:50 [CLIENT] [SEVERE] Using missing texture, unable to load: femtocraft:textures/items/item.ItemFlorite.png
2014-06-29 22:42:50 [CLIENT] [SEVERE] Using missing texture, unable to load: femtocraft:textures/items/item.ItemMineralLattice.png
2014-06-29 22:42:50 [CLIENT] [SEVERE] Using missing texture, unable to load: femtocraft:textures/items/item.ItemProteinChain.png
2014-06-29 22:42:50 [CLIENT] [SEVERE] Using missing texture, unable to load: femtocraft:textures/items/item.ItemMorphicChannel.png
2014-06-29 22:42:50 [CLIENT] [SEVERE] Using missing texture, unable to load: femtocraft:textures/items/item.ItemFaunite.png
2014-06-29 22:42:50 [CLIENT] [SEVERE] Using missing texture, unable to load: femtocraft:textures/items/item.ItemDopedBoard.png
2014-06-29 22:42:50 [CLIENT] [SEVERE] Using missing texture, unable to load: femtocraft:textures/items/item.ItemConductivePowder.png
2014-06-29 22:42:50 [CLIENT] [SEVERE] Using missing texture, unable to load: femtocraft:textures/items/item.ItemMicrochip.png
2014-06-29 22:42:50 [CLIENT] [SEVERE] Using missing texture, unable to load: femtocraft:textures/items/item.ItemOrganometallicPlate.png
2014-06-29 22:42:50 [CLIENT] [SEVERE] Using missing texture, unable to load: femtocraft:textures/items/item.ItemIngotMalenite.png
2014-06-29 22:42:50 [CLIENT] [SEVERE] Using missing texture, unable to load: femtocraft:textures/items/item.ItemMetallite.png
2014-06-29 22:42:50 [CLIENT] [SEVERE] Using missing texture, unable to load: femtocraft:textures/items/item.ItemElectrite.png
2014-06-29 22:42:50 [CLIENT] [SEVERE] Using missing texture, unable to load: femtocraft:textures/items/item.ItemMicroPlating.png
2014-06-29 22:42:50 [CLIENT] [SEVERE] Using missing texture, unable to load: femtocraft:textures/items/item.ItemFungalSpores.png
2014-06-29 22:42:50 [CLIENT] [SEVERE] Using missing texture, unable to load: femtocraft:textures/items/item.ItemMicroCoil.png
2014-06-29 22:42:50 [CLIENT] [SEVERE] Using missing texture, unable to load: femtocraft:textures/items/item.ItemSpoolGold.png
2014-06-29 22:42:50 [CLIENT] [SEVERE] Using missing texture, unable to load: femtocraft:textures/items/item.ItemSpoolPlatinum.png
2014-06-29 22:42:50 [CLIENT] [SEVERE] Using missing texture, unable to load: femtocraft:textures/items/item.itemHeatingElement.png
2014-06-29 22:42:50 [CLIENT] [SEVERE] Using missing texture, unable to load: femtocraft:textures/items/item.ItemConductiveAlloy.png
2014-06-29 22:42:50 [CLIENT] [SEVERE] Using missing texture, unable to load: femtocraft:textures/items/item.ItemMineralite.png
2014-06-29 22:42:50 [CLIENT] [SEVERE] Using missing texture, unable to load: femtocraft:textures/items/item.ItemPlaneoid.png
2014-06-29 22:42:50 [CLIENT] [SEVERE] Using missing texture, unable to load: femtocraft:textures/items/item.ItemReplicatingMaterial.png
2014-06-29 22:42:50 [CLIENT] [SEVERE] Using missing texture, unable to load: femtocraft:textures/items/item.ItemCrystallite.png
2014-06-29 22:42:50 [CLIENT] [SEVERE] Using missing texture, unable to load: femtocraft:textures/items/item.ItemIngotFarenite.png
2014-06-29 22:42:50 [CLIENT] [SEVERE] Using missing texture, unable to load: femtocraft:textures/items/item.ItemIngotThorium.png
2014-06-29 22:42:50 [CLIENT] [SEVERE] Using missing texture, unable to load: femtocraft:textures/items/item.ItemMicroLogicCore.png
2014-06-29 22:42:50 [CLIENT] [SEVERE] Using missing texture, unable to load: femtocraft:textures/items/item.ItemIonicChunk.png
2014-06-29 22:42:50 [CLIENT] [SEVERE] Using missing texture, unable to load: femtocraft:textures/items/item.ItemFibrousStrand.png
2014-06-29 22:42:50 [CLIENT] [SEVERE] Using missing texture, unable to load: femtocraft:textures/items/item.ItemPrimedBoard.png
2014-06-29 22:42:50 [CLIENT] [SEVERE] Using missing texture, unable to load: femtocraft:textures/items/item.ItemIngotTemperedTitanium.png
2014-06-29 22:42:50 [CLIENT] [SEVERE] Using missing texture, unable to load: femtocraft:textures/items/item.ItemMicroCrystal.png
2014-06-29 22:42:50 [CLIENT] [SEVERE] Using missing texture, unable to load: femtocraft:textures/items/item.ItemIngotPlatinum.png
2014-06-29 22:42:50 [CLIENT] [SEVERE] Using missing texture, unable to load: femtocraft:textures/items/item.ItemRectangulon.png
2014-06-29 22:42:50 [CLIENT] [SEVERE] Using missing texture, unable to load: femtocraft:textures/items/item.ItemMetalComposite.png
2014-06-29 22:42:50 [CLIENT] [SEVERE] Using missing texture, unable to load: femtocraft:textures/items/item.ItemSpinyFilament.png
2014-06-29 22:42:50 [CLIENT] [SEVERE] Using missing texture, unable to load: femtocraft:textures/items/item.ItemHardenedBulb.png
2014-06-29 22:42:50 [CLIENT] [SEVERE] Using missing texture, unable to load: femtocraft:textures/items/item.ItemBoard.png
2014-06-29 22:42:50 [CLIENT] [SEVERE] Using missing texture, unable to load: minecraft:textures/blocks/MISSING_ICON_TILE_415_BlockStellaratorOpticalMaser.png
2014-06-29 22:42:50 [CLIENT] [SEVERE] Using missing texture, unable to load: minecraft:textures/blocks/MISSING_ICON_TILE_506_blockNullEqualizer.png
2014-06-29 22:42:50 [CLIENT] [SEVERE] Using missing texture, unable to load: minecraft:textures/blocks/MISSING_ICON_TILE_451_null.png
2014-06-29 22:42:50 [CLIENT] [SEVERE] Using missing texture, unable to load: minecraft:textures/blocks/MISSING_ICON_TILE_4082_BlockConsumer.png
2014-06-29 22:42:50 [CLIENT] [SEVERE] Using missing texture, unable to load: minecraft:textures/blocks/MISSING_ICON_TILE_505_blockOrbitalEqualizer.png
2014-06-29 22:42:50 [CLIENT] [SEVERE] Using missing texture, unable to load: minecraft:textures/blocks/MISSING_ICON_TILE_4083_BlockGenerator.png
2014-06-29 22:42:51 [CLIENT] [SEVERE] Realms: Server not available!
2014-06-29 22:44:56 [CLIENT] [INFO] Stopping!
