2014-06-29 20:23:35 [SERVER] [INFO] Starting integrated minecraft server version 1.6.4
2014-06-29 20:23:35 [SERVER] [INFO] Generating keypair
2014-06-29 20:23:35 [SERVER] [INFO] Converting map!
2014-06-29 20:23:35 [SERVER] [INFO] Scanning folders...
2014-06-29 20:23:35 [SERVER] [INFO] Total conversion count is 0
2014-06-29 20:23:36 [SERVER] [INFO] Preparing start region for level 0
2014-06-29 20:23:37 [SERVER] [INFO] Preparing spawn area: 11%
2014-06-29 20:23:38 [SERVER] [INFO] Preparing spawn area: 29%
2014-06-29 20:23:39 [SERVER] [INFO] Preparing spawn area: 50%
2014-06-29 20:23:40 [SERVER] [INFO] Preparing spawn area: 73%
2014-06-29 20:23:41 [SERVER] [INFO] Player1234[/127.0.0.1:0] logged in with entity id 193 at (135.5, 69.0, 253.5)
2014-06-29 20:23:41 [SERVER] [INFO] Player1234 joined the game
2014-06-29 20:23:51 [SERVER] [INFO] Saving and pausing game...
2014-06-29 20:23:51 [SERVER] [INFO] Saving chunks for level 'New World'/Overworld
2014-06-29 20:23:52 [SERVER] [INFO] Saving chunks for level 'New World'/Nether
2014-06-29 20:23:52 [SERVER] [INFO] Saving chunks for level 'New World'/The End
2014-06-29 20:24:13 [SERVER] [INFO] Saving and pausing game...
2014-06-29 20:24:13 [SERVER] [INFO] Saving chunks for level 'New World'/Overworld
2014-06-29 20:24:13 [SERVER] [INFO] Saving chunks for level 'New World'/Nether
2014-06-29 20:24:13 [SERVER] [INFO] Saving chunks for level 'New World'/The End
2014-06-29 20:24:13 [SERVER] [INFO] Stopping server
2014-06-29 20:24:13 [SERVER] [INFO] Saving players
2014-06-29 20:24:13 [SERVER] [INFO] Player1234 left the game
2014-06-29 20:24:13 [SERVER] [INFO] Saving worlds
2014-06-29 20:24:13 [SERVER] [INFO] Saving chunks for level 'New World'/Overworld
2014-06-29 20:24:13 [SERVER] [INFO] Saving chunks for level 'New World'/Nether
2014-06-29 20:24:13 [SERVER] [INFO] Saving chunks for level 'New World'/The End
2014-06-29 22:45:13 [SERVER] [INFO] Starting integrated minecraft server version 1.6.4
2014-06-29 22:45:13 [SERVER] [INFO] Generating keypair
2014-06-29 22:45:13 [SERVER] [INFO] Preparing start region for level 0
2014-06-29 22:45:14 [SERVER] [INFO] Player1234[/127.0.0.1:0] logged in with entity id 525 at (135.5, 69.0, 253.5)
2014-06-29 22:45:14 [SERVER] [INFO] Player1234 joined the game
2014-06-29 22:45:40 [SERVER] [INFO] Saving and pausing game...
2014-06-29 22:45:40 [SERVER] [INFO] Saving chunks for level 'New World'/Overworld
2014-06-29 22:45:40 [SERVER] [INFO] Saving chunks for level 'New World'/Nether
2014-06-29 22:45:40 [SERVER] [INFO] Saving chunks for level 'New World'/The End
2014-06-29 22:46:09 [SERVER] [INFO] Saving and pausing game...
2014-06-29 22:46:09 [SERVER] [INFO] Saving chunks for level 'New World'/Overworld
2014-06-29 22:46:09 [SERVER] [INFO] Saving chunks for level 'New World'/Nether
2014-06-29 22:46:09 [SERVER] [INFO] Saving chunks for level 'New World'/The End
2014-06-29 22:46:09 [SERVER] [INFO] Stopping server
2014-06-29 22:46:09 [SERVER] [INFO] Saving players
2014-06-29 22:46:09 [SERVER] [INFO] Player1234 left the game
2014-06-29 22:46:09 [SERVER] [INFO] Saving worlds
2014-06-29 22:46:09 [SERVER] [INFO] Saving chunks for level 'New World'/Overworld
2014-06-29 22:46:09 [SERVER] [INFO] Saving chunks for level 'New World'/Nether
2014-06-29 22:46:09 [SERVER] [INFO] Saving chunks for level 'New World'/The End
2014-07-04 21:20:05 [SERVER] [INFO] Starting integrated minecraft server version 1.6.4
2014-07-04 21:20:05 [SERVER] [INFO] Generating keypair
2014-07-04 21:20:38 [SERVER] [INFO] Stopping server
2014-07-04 21:20:57 [SERVER] [INFO] Starting integrated minecraft server version 1.6.4
2014-07-04 21:20:57 [SERVER] [INFO] Generating keypair
2014-07-04 21:20:57 [SERVER] [INFO] Converting map!
2014-07-04 21:20:57 [SERVER] [INFO] Scanning folders...
2014-07-04 21:20:57 [SERVER] [INFO] Total conversion count is 0
2014-07-04 21:20:57 [SERVER] [INFO] Preparing start region for level 0
2014-07-04 21:20:58 [SERVER] [INFO] Preparing spawn area: 17%
2014-07-04 21:20:59 [SERVER] [INFO] Preparing spawn area: 38%
2014-07-04 21:21:00 [SERVER] [INFO] Preparing spawn area: 56%
2014-07-04 21:21:01 [SERVER] [INFO] Preparing spawn area: 73%
2014-07-04 21:21:02 [SERVER] [INFO] Preparing spawn area: 91%
2014-07-04 21:21:03 [SERVER] [INFO] Player1234[/127.0.0.1:0] logged in with entity id 170 at (189.5, 71.0, 212.5)
2014-07-04 21:21:03 [SERVER] [INFO] Player1234 joined the game
2014-07-04 21:21:08 [SERVER] [INFO] Saving and pausing game...
2014-07-04 21:21:08 [SERVER] [INFO] Saving chunks for level 'New World'/Overworld
2014-07-04 21:21:12 [SERVER] [INFO] Saving chunks for level 'New World'/Nether
2014-07-04 21:21:12 [SERVER] [INFO] Saving chunks for level 'New World'/The End
2014-07-04 21:21:12 [SERVER] [INFO] Stopping server
2014-07-04 21:21:12 [SERVER] [INFO] Saving players
2014-07-04 21:21:12 [SERVER] [INFO] Player1234 left the game
2014-07-04 21:21:12 [SERVER] [INFO] Saving worlds
2014-07-04 21:21:12 [SERVER] [INFO] Saving chunks for level 'New World'/Overworld
2014-07-04 21:21:12 [SERVER] [INFO] Saving chunks for level 'New World'/Nether
2014-07-04 21:21:12 [SERVER] [INFO] Saving chunks for level 'New World'/The End
2014-07-04 21:23:36 [SERVER] [INFO] Starting integrated minecraft server version 1.6.4
2014-07-04 21:23:36 [SERVER] [INFO] Generating keypair
2014-07-04 21:23:37 [SERVER] [INFO] Converting map!
2014-07-04 21:23:37 [SERVER] [INFO] Scanning folders...
2014-07-04 21:23:37 [SERVER] [INFO] Total conversion count is 0
2014-07-04 21:23:37 [SERVER] [INFO] Preparing start region for level 0
2014-07-04 21:23:38 [SERVER] [INFO] Preparing spawn area: 14%
2014-07-04 21:23:39 [SERVER] [INFO] Preparing spawn area: 32%
2014-07-04 21:23:40 [SERVER] [INFO] Preparing spawn area: 54%
2014-07-04 21:23:41 [SERVER] [INFO] Preparing spawn area: 72%
2014-07-04 21:23:42 [SERVER] [INFO] Preparing spawn area: 94%
2014-07-04 21:23:42 [SERVER] [INFO] Player1234[/127.0.0.1:0] logged in with entity id 234 at (80.5, 68.0, 257.5)
2014-07-04 21:23:42 [SERVER] [INFO] Player1234 joined the game
2014-07-04 21:23:53 [SERVER] [INFO] Saving and pausing game...
2014-07-04 21:23:53 [SERVER] [INFO] Saving chunks for level 'New World'/Overworld
2014-07-04 21:23:54 [SERVER] [INFO] Saving chunks for level 'New World'/Nether
2014-07-04 21:23:54 [SERVER] [INFO] Saving chunks for level 'New World'/The End
2014-07-04 21:23:54 [SERVER] [INFO] Stopping server
2014-07-04 21:23:54 [SERVER] [INFO] Saving players
2014-07-04 21:23:54 [SERVER] [INFO] Player1234 left the game
2014-07-04 21:23:54 [SERVER] [INFO] Saving worlds
2014-07-04 21:23:54 [SERVER] [INFO] Saving chunks for level 'New World'/Overworld
2014-07-04 21:23:54 [SERVER] [INFO] Saving chunks for level 'New World'/Nether
2014-07-04 21:23:54 [SERVER] [INFO] Saving chunks for level 'New World'/The End
2014-07-05 12:25:24 [SERVER] [INFO] Starting integrated minecraft server version 1.6.4
2014-07-05 12:25:24 [SERVER] [INFO] Generating keypair
2014-07-05 12:25:24 [SERVER] [INFO] Preparing start region for level 0
2014-07-05 12:25:25 [SERVER] [INFO] Player1234[/127.0.0.1:0] logged in with entity id 551 at (80.22896648792657, 68.0, 259.37976523562867)
2014-07-05 12:25:25 [SERVER] [INFO] Player1234 joined the game
2014-07-05 12:28:58 [SERVER] [INFO] Saving and pausing game...
2014-07-05 12:28:58 [SERVER] [INFO] Saving chunks for level 'New World'/Overworld
2014-07-05 12:28:58 [SERVER] [INFO] Saving chunks for level 'New World'/Nether
2014-07-05 12:28:58 [SERVER] [INFO] Saving chunks for level 'New World'/The End
2014-07-05 12:28:58 [SERVER] [INFO] Stopping server
2014-07-05 12:28:58 [SERVER] [INFO] Saving players
2014-07-05 12:28:58 [SERVER] [INFO] Player1234 left the game
2014-07-05 12:28:58 [SERVER] [INFO] Saving worlds
2014-07-05 12:28:58 [SERVER] [INFO] Saving chunks for level 'New World'/Overworld
2014-07-05 12:28:58 [SERVER] [INFO] Saving chunks for level 'New World'/Nether
2014-07-05 12:28:58 [SERVER] [INFO] Saving chunks for level 'New World'/The End
2014-07-05 14:57:51 [SERVER] [INFO] Starting integrated minecraft server version 1.6.4
2014-07-05 14:57:51 [SERVER] [INFO] Generating keypair
2014-07-05 14:57:51 [SERVER] [INFO] Preparing start region for level 0
2014-07-05 14:57:52 [SERVER] [INFO] Player1234[/127.0.0.1:0] logged in with entity id 373 at (82.13259758840671, 68.0, 254.8679743706806)
2014-07-05 14:57:52 [SERVER] [INFO] Player1234 joined the game
2014-07-05 14:58:14 [SERVER] [INFO] Saving and pausing game...
2014-07-05 14:58:14 [SERVER] [INFO] Saving chunks for level 'New World'/Overworld
2014-07-05 14:58:14 [SERVER] [INFO] Saving chunks for level 'New World'/Nether
2014-07-05 14:58:14 [SERVER] [INFO] Saving chunks for level 'New World'/The End
2014-07-05 14:58:37 [SERVER] [INFO] Saving and pausing game...
2014-07-05 14:58:37 [SERVER] [INFO] Saving chunks for level 'New World'/Overworld
2014-07-05 14:58:38 [SERVER] [INFO] Saving chunks for level 'New World'/Nether
2014-07-05 14:58:38 [SERVER] [INFO] Saving chunks for level 'New World'/The End
2014-07-05 15:00:05 [SERVER] [INFO] Saving and pausing game...
2014-07-05 15:00:05 [SERVER] [INFO] Saving chunks for level 'New World'/Overworld
2014-07-05 15:00:05 [SERVER] [INFO] Saving chunks for level 'New World'/Nether
2014-07-05 15:00:05 [SERVER] [INFO] Saving chunks for level 'New World'/The End
2014-07-05 15:02:06 [SERVER] [INFO] Saving and pausing game...
2014-07-05 15:02:06 [SERVER] [INFO] Saving chunks for level 'New World'/Overworld
2014-07-05 15:02:06 [SERVER] [INFO] Saving chunks for level 'New World'/Nether
2014-07-05 15:02:06 [SERVER] [INFO] Saving chunks for level 'New World'/The End
2014-07-05 15:02:06 [SERVER] [INFO] Stopping server
2014-07-05 15:02:06 [SERVER] [INFO] Saving players
2014-07-05 15:02:06 [SERVER] [INFO] Player1234 left the game
2014-07-05 15:02:06 [SERVER] [INFO] Saving worlds
2014-07-05 15:02:06 [SERVER] [INFO] Saving chunks for level 'New World'/Overworld
2014-07-05 15:02:06 [SERVER] [INFO] Saving chunks for level 'New World'/Nether
2014-07-05 15:02:06 [SERVER] [INFO] Saving chunks for level 'New World'/The End
2014-07-05 20:37:33 [SERVER] [INFO] Starting integrated minecraft server version 1.6.4
2014-07-05 20:37:33 [SERVER] [INFO] Generating keypair
2014-07-05 20:37:33 [SERVER] [INFO] Converting map!
2014-07-05 20:37:33 [SERVER] [INFO] Scanning folders...
2014-07-05 20:37:33 [SERVER] [INFO] Total conversion count is 0
2014-07-05 20:37:33 [SERVER] [WARNING] Unable to find spawn biome
2014-07-05 20:37:33 [SERVER] [INFO] Preparing start region for level 0
2014-07-05 20:37:34 [SERVER] [INFO] Preparing spawn area: 16%
2014-07-05 20:37:35 [SERVER] [INFO] Preparing spawn area: 40%
2014-07-05 20:37:36 [SERVER] [INFO] Preparing spawn area: 62%
2014-07-05 20:37:37 [SERVER] [INFO] Preparing spawn area: 84%
2014-07-05 20:37:38 [SERVER] [INFO] Player1234[/127.0.0.1:0] logged in with entity id 222 at (4.5, 65.0, 5.5)
2014-07-05 20:37:38 [SERVER] [INFO] Player1234 joined the game
2014-07-05 20:37:58 [SERVER] [INFO] Saving and pausing game...
2014-07-05 20:37:58 [SERVER] [INFO] Saving chunks for level 'New World'/Overworld
2014-07-05 20:37:58 [SERVER] [INFO] Saving chunks for level 'New World'/Nether
2014-07-05 20:37:58 [SERVER] [INFO] Saving chunks for level 'New World'/The End
2014-07-05 20:37:58 [SERVER] [INFO] Stopping server
2014-07-05 20:37:58 [SERVER] [INFO] Saving players
2014-07-05 20:37:58 [SERVER] [INFO] Player1234 left the game
2014-07-05 20:37:58 [SERVER] [INFO] Saving worlds
2014-07-05 20:37:58 [SERVER] [INFO] Saving chunks for level 'New World'/Overworld
2014-07-05 20:37:58 [SERVER] [INFO] Saving chunks for level 'New World'/Nether
2014-07-05 20:37:58 [SERVER] [INFO] Saving chunks for level 'New World'/The End
2014-07-05 20:38:39 [SERVER] [INFO] Starting integrated minecraft server version 1.6.4
2014-07-05 20:38:39 [SERVER] [INFO] Generating keypair
2014-07-05 20:39:36 [SERVER] [INFO] Starting integrated minecraft server version 1.6.4
2014-07-05 20:39:36 [SERVER] [INFO] Generating keypair
2014-07-05 20:39:36 [SERVER] [INFO] Preparing start region for level 0
2014-07-05 20:39:37 [SERVER] [INFO] Preparing spawn area: 25%
2014-07-05 20:39:38 [SERVER] [INFO] Preparing spawn area: 39%
2014-07-05 20:39:39 [SERVER] [INFO] Preparing spawn area: 54%
2014-07-05 20:39:40 [SERVER] [INFO] Preparing spawn area: 66%
2014-07-05 20:39:41 [SERVER] [INFO] Preparing spawn area: 84%
2014-07-05 20:39:42 [SERVER] [INFO] Player1234[/127.0.0.1:0] logged in with entity id 220 at (223.5, 72.0, 222.5)
2014-07-05 20:39:42 [SERVER] [INFO] Player1234 joined the game
2014-07-05 20:39:50 [SERVER] [INFO] Saving and pausing game...
2014-07-05 20:39:50 [SERVER] [INFO] Saving chunks for level 'New World'/Overworld
2014-07-05 20:39:52 [SERVER] [INFO] Saving chunks for level 'New World'/Nether
2014-07-05 20:39:52 [SERVER] [INFO] Saving chunks for level 'New World'/The End
2014-07-05 20:39:52 [SERVER] [INFO] Stopping server
2014-07-05 20:39:52 [SERVER] [INFO] Saving players
2014-07-05 20:39:52 [SERVER] [INFO] Player1234 left the game
2014-07-05 20:39:52 [SERVER] [INFO] Saving worlds
2014-07-05 20:39:52 [SERVER] [INFO] Saving chunks for level 'New World'/Overworld
2014-07-05 20:39:52 [SERVER] [INFO] Saving chunks for level 'New World'/Nether
2014-07-05 20:39:52 [SERVER] [INFO] Saving chunks for level 'New World'/The End
2014-07-05 22:06:14 [SERVER] [INFO] Starting integrated minecraft server version 1.6.4
2014-07-05 22:06:14 [SERVER] [INFO] Generating keypair
2014-07-05 22:06:15 [SERVER] [INFO] Converting map!
2014-07-05 22:06:15 [SERVER] [INFO] Scanning folders...
2014-07-05 22:06:15 [SERVER] [INFO] Total conversion count is 0
2014-07-05 22:06:15 [SERVER] [INFO] Preparing start region for level 0
2014-07-05 22:06:16 [SERVER] [INFO] Preparing spawn area: 12%
2014-07-05 22:06:17 [SERVER] [INFO] Preparing spawn area: 30%
2014-07-05 22:06:18 [SERVER] [INFO] Preparing spawn area: 46%
2014-07-05 22:06:19 [SERVER] [INFO] Preparing spawn area: 65%
2014-07-05 22:06:20 [SERVER] [INFO] Preparing spawn area: 86%
2014-07-05 22:06:21 [SERVER] [INFO] Player1234[/127.0.0.1:0] logged in with entity id 301 at (241.5, 64.0, 265.5)
2014-07-05 22:06:21 [SERVER] [INFO] Player1234 joined the game
2014-07-05 22:06:58 [SERVER] [INFO] Saving and pausing game...
2014-07-05 22:06:58 [SERVER] [INFO] Saving chunks for level 'New World'/Overworld
2014-07-05 22:06:58 [SERVER] [INFO] Saving chunks for level 'New World'/Nether
2014-07-05 22:06:58 [SERVER] [INFO] Saving chunks for level 'New World'/The End
2014-07-05 22:06:59 [SERVER] [INFO] Stopping server
2014-07-05 22:06:59 [SERVER] [INFO] Saving players
2014-07-05 22:06:59 [SERVER] [INFO] Player1234 left the game
2014-07-05 22:06:59 [SERVER] [INFO] Saving worlds
2014-07-05 22:06:59 [SERVER] [INFO] Saving chunks for level 'New World'/Overworld
2014-07-05 22:06:59 [SERVER] [INFO] Saving chunks for level 'New World'/Nether
2014-07-05 22:06:59 [SERVER] [INFO] Saving chunks for level 'New World'/The End
2014-07-05 22:20:13 [SERVER] [INFO] Starting integrated minecraft server version 1.6.4
2014-07-05 22:20:13 [SERVER] [INFO] Generating keypair
2014-07-05 22:20:13 [SERVER] [INFO] Converting map!
2014-07-05 22:20:13 [SERVER] [INFO] Scanning folders...
2014-07-05 22:20:13 [SERVER] [INFO] Total conversion count is 0
2014-07-05 22:20:13 [SERVER] [INFO] Preparing start region for level 0
2014-07-05 22:20:14 [SERVER] [INFO] Preparing spawn area: 13%
2014-07-05 22:20:15 [SERVER] [INFO] Preparing spawn area: 32%
2014-07-05 22:20:16 [SERVER] [INFO] Preparing spawn area: 52%
2014-07-05 22:20:17 [SERVER] [INFO] Preparing spawn area: 72%
2014-07-05 22:20:18 [SERVER] [INFO] Preparing spawn area: 92%
2014-07-05 22:20:19 [SERVER] [INFO] Player1234[/127.0.0.1:0] logged in with entity id 81 at (27.5, 71.0, 243.5)
2014-07-05 22:20:19 [SERVER] [INFO] Player1234 joined the game
2014-07-05 22:21:02 [SERVER] [INFO] Saving and pausing game...
2014-07-05 22:21:02 [SERVER] [INFO] Saving chunks for level 'New World'/Overworld
2014-07-05 22:21:02 [SERVER] [INFO] Saving chunks for level 'New World'/Nether
2014-07-05 22:21:02 [SERVER] [INFO] Saving chunks for level 'New World'/The End
2014-07-05 22:21:02 [SERVER] [INFO] Stopping server
2014-07-05 22:21:02 [SERVER] [INFO] Saving players
2014-07-05 22:21:02 [SERVER] [INFO] Player1234 left the game
2014-07-05 22:21:02 [SERVER] [INFO] Saving worlds
2014-07-05 22:21:02 [SERVER] [INFO] Saving chunks for level 'New World'/Overworld
2014-07-05 22:21:02 [SERVER] [INFO] Saving chunks for level 'New World'/Nether
2014-07-05 22:21:02 [SERVER] [INFO] Saving chunks for level 'New World'/The End
2014-07-05 22:26:32 [SERVER] [INFO] Starting integrated minecraft server version 1.6.4
2014-07-05 22:26:32 [SERVER] [INFO] Generating keypair
2014-07-05 22:26:32 [SERVER] [INFO] Preparing start region for level 0
2014-07-05 22:26:33 [SERVER] [INFO] Player1234[/127.0.0.1:0] logged in with entity id 284 at (27.5, 71.0, 243.5)
2014-07-05 22:26:33 [SERVER] [INFO] Player1234 joined the game
2014-07-05 22:26:48 [SERVER] [INFO] Saving and pausing game...
2014-07-05 22:26:48 [SERVER] [INFO] Saving chunks for level 'New World'/Overworld
2014-07-05 22:26:48 [SERVER] [INFO] Saving chunks for level 'New World'/Nether
2014-07-05 22:26:48 [SERVER] [INFO] Saving chunks for level 'New World'/The End
2014-07-05 22:26:48 [SERVER] [INFO] Stopping server
2014-07-05 22:26:48 [SERVER] [INFO] Saving players
2014-07-05 22:26:48 [SERVER] [INFO] Player1234 left the game
2014-07-05 22:26:48 [SERVER] [INFO] Saving worlds
2014-07-05 22:26:48 [SERVER] [INFO] Saving chunks for level 'New World'/Overworld
2014-07-05 22:26:48 [SERVER] [INFO] Saving chunks for level 'New World'/Nether
2014-07-05 22:26:48 [SERVER] [INFO] Saving chunks for level 'New World'/The End
2014-07-05 22:27:42 [SERVER] [INFO] Starting integrated minecraft server version 1.6.4
2014-07-05 22:27:42 [SERVER] [INFO] Generating keypair
2014-07-05 22:27:47 [SERVER] [INFO] Preparing start region for level 0
2014-07-05 22:27:48 [SERVER] [INFO] Player1234[/127.0.0.1:0] logged in with entity id 313 at (27.5, 71.0, 243.5)
2014-07-05 22:27:48 [SERVER] [INFO] Player1234 joined the game
2014-07-05 22:29:38 [SERVER] [INFO] Saving and pausing game...
2014-07-05 22:29:38 [SERVER] [INFO] Saving chunks for level 'New World'/Overworld
2014-07-05 22:29:38 [SERVER] [INFO] Saving chunks for level 'New World'/Nether
2014-07-05 22:29:38 [SERVER] [INFO] Saving chunks for level 'New World'/The End
2014-07-05 22:29:38 [SERVER] [INFO] Stopping server
2014-07-05 22:29:38 [SERVER] [INFO] Saving players
2014-07-05 22:29:38 [SERVER] [INFO] Player1234 left the game
2014-07-05 22:29:38 [SERVER] [INFO] Saving worlds
2014-07-05 22:29:38 [SERVER] [INFO] Saving chunks for level 'New World'/Overworld
2014-07-05 22:29:38 [SERVER] [INFO] Saving chunks for level 'New World'/Nether
2014-07-05 22:29:38 [SERVER] [INFO] Saving chunks for level 'New World'/The End
2014-07-05 22:31:53 [SERVER] [INFO] Starting integrated minecraft server version 1.6.4
2014-07-05 22:31:53 [SERVER] [INFO] Generating keypair
2014-07-05 22:31:53 [SERVER] [INFO] Preparing start region for level 0
2014-07-05 22:31:54 [SERVER] [INFO] Player1234[/127.0.0.1:0] logged in with entity id 390 at (147.69180622155676, 76.0, 254.2939060484945)
2014-07-05 22:31:54 [SERVER] [INFO] Player1234 joined the game
2014-07-05 22:44:01 [SERVER] [INFO] [Player1234: Set the time to 1200]
2014-07-05 22:45:20 [SERVER] [INFO] Saving and pausing game...
2014-07-05 22:45:20 [SERVER] [INFO] Saving chunks for level 'New World'/Overworld
2014-07-05 22:45:20 [SERVER] [INFO] Saving chunks for level 'New World'/Nether
2014-07-05 22:45:20 [SERVER] [INFO] Saving chunks for level 'New World'/The End
2014-07-05 22:56:12 [SERVER] [INFO] [Player1234: Set the time to 1200]
2014-07-05 22:56:45 [SERVER] [INFO] Saving and pausing game...
2014-07-05 22:56:45 [SERVER] [INFO] Saving chunks for level 'New World'/Overworld
2014-07-05 22:56:45 [SERVER] [INFO] Saving chunks for level 'New World'/Nether
2014-07-05 22:56:45 [SERVER] [INFO] Saving chunks for level 'New World'/The End
2014-07-05 22:56:46 [SERVER] [INFO] Stopping server
2014-07-05 22:56:46 [SERVER] [INFO] Saving players
2014-07-05 22:56:46 [SERVER] [INFO] Player1234 left the game
2014-07-05 22:56:46 [SERVER] [INFO] Saving worlds
2014-07-05 22:56:46 [SERVER] [INFO] Saving chunks for level 'New World'/Overworld
2014-07-05 22:56:46 [SERVER] [INFO] Saving chunks for level 'New World'/Nether
2014-07-05 22:56:46 [SERVER] [INFO] Saving chunks for level 'New World'/The End
2014-07-06 16:10:51 [SERVER] [INFO] Starting integrated minecraft server version 1.6.4
2014-07-06 16:10:51 [SERVER] [INFO] Generating keypair
2014-07-06 16:10:51 [SERVER] [INFO] Preparing start region for level 0
2014-07-06 16:10:52 [SERVER] [INFO] Player1234[/127.0.0.1:0] logged in with entity id 309 at (147.57283761603145, 76.0, 254.20884971817617)
2014-07-06 16:10:52 [SERVER] [INFO] Player1234 joined the game
2014-07-06 16:11:38 [SERVER] [INFO] Saving and pausing game...
2014-07-06 16:11:38 [SERVER] [INFO] Saving chunks for level 'New World'/Overworld
2014-07-06 16:11:38 [SERVER] [INFO] Saving chunks for level 'New World'/Nether
2014-07-06 16:11:38 [SERVER] [INFO] Saving chunks for level 'New World'/The End
2014-07-06 16:17:16 [SERVER] [INFO] Saving and pausing game...
2014-07-06 16:17:16 [SERVER] [INFO] Saving chunks for level 'New World'/Overworld
2014-07-06 16:17:16 [SERVER] [INFO] Saving chunks for level 'New World'/Nether
2014-07-06 16:17:16 [SERVER] [INFO] Saving chunks for level 'New World'/The End
2014-07-06 16:17:16 [SERVER] [INFO] Stopping server
2014-07-06 16:17:16 [SERVER] [INFO] Saving players
2014-07-06 16:17:16 [SERVER] [INFO] Player1234 left the game
2014-07-06 16:17:16 [SERVER] [INFO] Saving worlds
2014-07-06 16:17:16 [SERVER] [INFO] Saving chunks for level 'New World'/Overworld
2014-07-06 16:17:16 [SERVER] [INFO] Saving chunks for level 'New World'/Nether
2014-07-06 16:17:16 [SERVER] [INFO] Saving chunks for level 'New World'/The End
2014-07-06 16:49:20 [SERVER] [INFO] Starting integrated minecraft server version 1.6.4
2014-07-06 16:49:20 [SERVER] [INFO] Generating keypair
2014-07-06 16:49:20 [SERVER] [INFO] Preparing start region for level 0
2014-07-06 16:49:21 [SERVER] [INFO] Player1234[/127.0.0.1:0] logged in with entity id 304 at (147.57283761603145, 76.0, 254.20884971817617)
2014-07-06 16:49:21 [SERVER] [INFO] Player1234 joined the game
2014-07-06 16:49:25 [SERVER] [INFO] Saving and pausing game...
2014-07-06 16:49:25 [SERVER] [INFO] Saving chunks for level 'New World'/Overworld
2014-07-06 16:49:25 [SERVER] [INFO] Saving chunks for level 'New World'/Nether
2014-07-06 16:49:25 [SERVER] [INFO] Saving chunks for level 'New World'/The End
2014-07-06 17:14:06 [SERVER] [INFO] Saving and pausing game...
2014-07-06 17:14:06 [SERVER] [INFO] Saving chunks for level 'New World'/Overworld
2014-07-06 17:14:06 [SERVER] [INFO] Saving chunks for level 'New World'/Nether
2014-07-06 17:14:06 [SERVER] [INFO] Saving chunks for level 'New World'/The End
2014-07-06 17:14:12 [SERVER] [INFO] Saving and pausing game...
2014-07-06 17:14:12 [SERVER] [INFO] Saving chunks for level 'New World'/Overworld
2014-07-06 17:14:12 [SERVER] [INFO] Saving chunks for level 'New World'/Nether
2014-07-06 17:14:12 [SERVER] [INFO] Saving chunks for level 'New World'/The End
2014-07-06 17:14:12 [SERVER] [INFO] Stopping server
2014-07-06 17:14:12 [SERVER] [INFO] Saving players
2014-07-06 17:14:12 [SERVER] [INFO] Player1234 left the game
2014-07-06 17:14:12 [SERVER] [INFO] Saving worlds
2014-07-06 17:14:12 [SERVER] [INFO] Saving chunks for level 'New World'/Overworld
2014-07-06 17:14:12 [SERVER] [INFO] Saving chunks for level 'New World'/Nether
2014-07-06 17:14:12 [SERVER] [INFO] Saving chunks for level 'New World'/The End
2014-07-06 22:28:42 [SERVER] [INFO] Starting integrated minecraft server version 1.6.4
2014-07-06 22:28:42 [SERVER] [INFO] Generating keypair
2014-07-06 22:35:11 [SERVER] [INFO] Starting integrated minecraft server version 1.6.4
2014-07-06 22:35:11 [SERVER] [INFO] Generating keypair
2014-07-06 22:35:12 [SERVER] [INFO] Preparing start region for level 0
2014-07-06 22:35:13 [SERVER] [INFO] Player1234[/127.0.0.1:0] logged in with entity id 528 at (231.5, 65.0, 132.5)
2014-07-06 22:35:13 [SERVER] [INFO] Player1234 joined the game
2014-07-06 22:35:15 [SERVER] [INFO] Saving and pausing game...
2014-07-06 22:35:15 [SERVER] [INFO] Saving chunks for level 'New World'/Overworld
2014-07-06 22:35:15 [SERVER] [INFO] Saving chunks for level 'New World'/Nether
2014-07-06 22:35:15 [SERVER] [INFO] Saving chunks for level 'New World'/The End
2014-07-06 22:35:39 [SERVER] [INFO] Saving and pausing game...
2014-07-06 22:35:39 [SERVER] [INFO] Saving chunks for level 'New World'/Overworld
2014-07-06 22:35:39 [SERVER] [INFO] Saving chunks for level 'New World'/Nether
2014-07-06 22:35:39 [SERVER] [INFO] Saving chunks for level 'New World'/The End
2014-07-06 22:35:39 [SERVER] [INFO] Stopping server
2014-07-06 22:35:39 [SERVER] [INFO] Saving players
2014-07-06 22:35:39 [SERVER] [INFO] Player1234 left the game
2014-07-06 22:35:39 [SERVER] [INFO] Saving worlds
2014-07-06 22:35:39 [SERVER] [INFO] Saving chunks for level 'New World'/Overworld
2014-07-06 22:35:39 [SERVER] [INFO] Saving chunks for level 'New World'/Nether
2014-07-06 22:35:39 [SERVER] [INFO] Saving chunks for level 'New World'/The End
2014-07-06 22:36:15 [SERVER] [INFO] Starting integrated minecraft server version 1.6.4
2014-07-06 22:36:15 [SERVER] [INFO] Generating keypair
2014-07-06 22:36:15 [SERVER] [INFO] Preparing start region for level 0
2014-07-06 22:36:16 [SERVER] [INFO] Player1234[/127.0.0.1:0] logged in with entity id 2152 at (231.5, 65.0, 132.5)
2014-07-06 22:36:16 [SERVER] [INFO] Player1234 joined the game
2014-07-06 22:36:17 [SERVER] [INFO] Saving and pausing game...
2014-07-06 22:36:17 [SERVER] [INFO] Saving chunks for level 'New World'/Overworld
2014-07-06 22:36:17 [SERVER] [INFO] Saving chunks for level 'New World'/Nether
2014-07-06 22:36:17 [SERVER] [INFO] Saving chunks for level 'New World'/The End
2014-07-06 22:38:42 [SERVER] [INFO] Saving and pausing game...
2014-07-06 22:38:42 [SERVER] [INFO] Saving chunks for level 'New World'/Overworld
2014-07-06 22:38:42 [SERVER] [INFO] Saving chunks for level 'New World'/Nether
2014-07-06 22:38:42 [SERVER] [INFO] Saving chunks for level 'New World'/The End
2014-07-06 22:38:42 [SERVER] [INFO] Stopping server
2014-07-06 22:38:42 [SERVER] [INFO] Saving players
2014-07-06 22:38:42 [SERVER] [INFO] Player1234 left the game
2014-07-06 22:38:42 [SERVER] [INFO] Saving worlds
2014-07-06 22:38:42 [SERVER] [INFO] Saving chunks for level 'New World'/Overworld
2014-07-06 22:38:42 [SERVER] [INFO] Saving chunks for level 'New World'/Nether
2014-07-06 22:38:42 [SERVER] [INFO] Saving chunks for level 'New World'/The End
2014-07-06 22:43:55 [SERVER] [INFO] Starting integrated minecraft server version 1.6.4
2014-07-06 22:43:55 [SERVER] [INFO] Generating keypair
2014-07-06 22:43:55 [SERVER] [INFO] Preparing start region for level 0
2014-07-06 22:43:56 [SERVER] [INFO] Player1234[/127.0.0.1:0] logged in with entity id 752 at (231.5, 65.0, 132.5)
2014-07-06 22:43:56 [SERVER] [INFO] Player1234 joined the game
2014-07-06 22:43:57 [SERVER] [INFO] Saving and pausing game...
2014-07-06 22:43:57 [SERVER] [INFO] Saving chunks for level 'New World'/Overworld
2014-07-06 22:43:58 [SERVER] [INFO] Saving chunks for level 'New World'/Nether
2014-07-06 22:43:58 [SERVER] [INFO] Saving chunks for level 'New World'/The End
2014-07-06 22:46:59 [SERVER] [INFO] Saving and pausing game...
2014-07-06 22:46:59 [SERVER] [INFO] Saving chunks for level 'New World'/Overworld
2014-07-06 22:46:59 [SERVER] [INFO] Saving chunks for level 'New World'/Nether
2014-07-06 22:46:59 [SERVER] [INFO] Saving chunks for level 'New World'/The End
2014-07-06 22:46:59 [SERVER] [INFO] Stopping server
2014-07-06 22:46:59 [SERVER] [INFO] Saving players
2014-07-06 22:46:59 [SERVER] [INFO] Player1234 left the game
2014-07-06 22:46:59 [SERVER] [INFO] Saving worlds
2014-07-06 22:46:59 [SERVER] [INFO] Saving chunks for level 'New World'/Overworld
2014-07-06 22:46:59 [SERVER] [INFO] Saving chunks for level 'New World'/Nether
2014-07-06 22:46:59 [SERVER] [INFO] Saving chunks for level 'New World'/The End
2014-07-06 22:48:12 [SERVER] [INFO] Starting integrated minecraft server version 1.6.4
2014-07-06 22:48:12 [SERVER] [INFO] Generating keypair
2014-07-06 22:48:12 [SERVER] [INFO] Preparing start region for level 0
2014-07-06 22:48:13 [SERVER] [INFO] Player1234[/127.0.0.1:0] logged in with entity id 449 at (231.5, 65.0, 132.5)
2014-07-06 22:48:13 [SERVER] [INFO] Player1234 joined the game
2014-07-06 22:48:14 [SERVER] [INFO] Saving and pausing game...
2014-07-06 22:48:14 [SERVER] [INFO] Saving chunks for level 'New World'/Overworld
2014-07-06 22:48:14 [SERVER] [INFO] Saving chunks for level 'New World'/Nether
2014-07-06 22:48:14 [SERVER] [INFO] Saving chunks for level 'New World'/The End
2014-07-06 22:50:01 [SERVER] [INFO] Saving and pausing game...
2014-07-06 22:50:01 [SERVER] [INFO] Saving chunks for level 'New World'/Overworld
2014-07-06 22:50:01 [SERVER] [INFO] Saving chunks for level 'New World'/Nether
2014-07-06 22:50:01 [SERVER] [INFO] Saving chunks for level 'New World'/The End
2014-07-06 22:50:02 [SERVER] [INFO] Stopping server
2014-07-06 22:50:02 [SERVER] [INFO] Saving players
2014-07-06 22:50:02 [SERVER] [INFO] Player1234 left the game
2014-07-06 22:50:02 [SERVER] [INFO] Saving worlds
2014-07-06 22:50:02 [SERVER] [INFO] Saving chunks for level 'New World'/Overworld
2014-07-06 22:50:02 [SERVER] [INFO] Saving chunks for level 'New World'/Nether
2014-07-06 22:50:02 [SERVER] [INFO] Saving chunks for level 'New World'/The End
2014-07-07 20:59:15 [SERVER] [INFO] Starting integrated minecraft server version 1.6.4
2014-07-07 20:59:15 [SERVER] [INFO] Generating keypair
2014-07-07 20:59:15 [SERVER] [INFO] Preparing start region for level 0
2014-07-07 20:59:16 [SERVER] [INFO] Player1234[/127.0.0.1:0] logged in with entity id 449 at (231.5, 65.0, 132.5)
2014-07-07 20:59:16 [SERVER] [INFO] Player1234 joined the game
2014-07-07 20:59:18 [SERVER] [INFO] Saving and pausing game...
2014-07-07 20:59:18 [SERVER] [INFO] Saving chunks for level 'New World'/Overworld
2014-07-07 20:59:18 [SERVER] [INFO] Saving chunks for level 'New World'/Nether
2014-07-07 20:59:18 [SERVER] [INFO] Saving chunks for level 'New World'/The End
2014-07-07 21:00:30 [SERVER] [INFO] Saving and pausing game...
2014-07-07 21:00:30 [SERVER] [INFO] Saving chunks for level 'New World'/Overworld
2014-07-07 21:00:30 [SERVER] [INFO] Saving chunks for level 'New World'/Nether
2014-07-07 21:00:30 [SERVER] [INFO] Saving chunks for level 'New World'/The End
2014-07-07 21:00:30 [SERVER] [INFO] Stopping server
2014-07-07 21:00:30 [SERVER] [INFO] Saving players
2014-07-07 21:00:30 [SERVER] [INFO] Player1234 left the game
2014-07-07 21:00:30 [SERVER] [INFO] Saving worlds
2014-07-07 21:00:30 [SERVER] [INFO] Saving chunks for level 'New World'/Overworld
2014-07-07 21:00:30 [SERVER] [INFO] Saving chunks for level 'New World'/Nether
2014-07-07 21:00:30 [SERVER] [INFO] Saving chunks for level 'New World'/The End
2014-07-09 21:37:00 [SERVER] [INFO] Starting integrated minecraft server version 1.6.4
2014-07-09 21:37:00 [SERVER] [INFO] Generating keypair
2014-07-09 21:37:00 [SERVER] [INFO] Preparing start region for level 0
2014-07-09 21:37:01 [SERVER] [INFO] Player1234[/127.0.0.1:0] logged in with entity id 449 at (231.5, 65.0, 132.5)
2014-07-09 21:37:01 [SERVER] [INFO] Player1234 joined the game
2014-07-09 21:37:15 [SERVER] [INFO] Saving and pausing game...
2014-07-09 21:37:15 [SERVER] [INFO] Saving chunks for level 'New World'/Overworld
2014-07-09 21:37:15 [SERVER] [INFO] Saving chunks for level 'New World'/Nether
2014-07-09 21:37:15 [SERVER] [INFO] Saving chunks for level 'New World'/The End
2014-07-09 21:40:34 [SERVER] [INFO] Saving and pausing game...
2014-07-09 21:40:34 [SERVER] [INFO] Saving chunks for level 'New World'/Overworld
2014-07-09 21:40:34 [SERVER] [INFO] Saving chunks for level 'New World'/Nether
2014-07-09 21:40:34 [SERVER] [INFO] Saving chunks for level 'New World'/The End
2014-07-09 21:40:34 [SERVER] [INFO] Stopping server
2014-07-09 21:40:34 [SERVER] [INFO] Saving players
2014-07-09 21:40:34 [SERVER] [INFO] Player1234 left the game
2014-07-09 21:40:34 [SERVER] [INFO] Saving worlds
2014-07-09 21:40:34 [SERVER] [INFO] Saving chunks for level 'New World'/Overworld
2014-07-09 21:40:34 [SERVER] [INFO] Saving chunks for level 'New World'/Nether
2014-07-09 21:40:34 [SERVER] [INFO] Saving chunks for level 'New World'/The End
2014-07-09 21:41:26 [SERVER] [INFO] Starting integrated minecraft server version 1.6.4
2014-07-09 21:41:26 [SERVER] [INFO] Generating keypair
2014-07-09 21:41:26 [SERVER] [INFO] Preparing start region for level 0
2014-07-09 21:41:27 [SERVER] [INFO] Player1234[/127.0.0.1:0] logged in with entity id 448 at (231.5, 65.0, 132.5)
2014-07-09 21:41:27 [SERVER] [INFO] Player1234 joined the game
2014-07-09 21:41:32 [SERVER] [INFO] Saving and pausing game...
2014-07-09 21:41:32 [SERVER] [INFO] Saving chunks for level 'New World'/Overworld
2014-07-09 21:41:32 [SERVER] [INFO] Saving chunks for level 'New World'/Nether
2014-07-09 21:41:32 [SERVER] [INFO] Saving chunks for level 'New World'/The End
2014-07-09 21:44:07 [SERVER] [INFO] Saving and pausing game...
2014-07-09 21:44:07 [SERVER] [INFO] Saving chunks for level 'New World'/Overworld
2014-07-09 21:44:07 [SERVER] [INFO] Saving chunks for level 'New World'/Nether
2014-07-09 21:44:07 [SERVER] [INFO] Saving chunks for level 'New World'/The End
2014-07-09 21:44:07 [SERVER] [INFO] Stopping server
2014-07-09 21:44:07 [SERVER] [INFO] Saving players
2014-07-09 21:44:07 [SERVER] [INFO] Player1234 left the game
2014-07-09 21:44:07 [SERVER] [INFO] Saving worlds
2014-07-09 21:44:07 [SERVER] [INFO] Saving chunks for level 'New World'/Overworld
2014-07-09 21:44:07 [SERVER] [INFO] Saving chunks for level 'New World'/Nether
2014-07-09 21:44:07 [SERVER] [INFO] Saving chunks for level 'New World'/The End
2014-07-09 21:47:58 [SERVER] [INFO] Starting integrated minecraft server version 1.6.4
2014-07-09 21:47:58 [SERVER] [INFO] Generating keypair
2014-07-09 21:47:59 [SERVER] [INFO] Preparing start region for level 0
2014-07-09 21:48:00 [SERVER] [INFO] Player1234[/127.0.0.1:0] logged in with entity id 458 at (231.519969121553, 65.0, 133.13555515560017)
2014-07-09 21:48:00 [SERVER] [INFO] Player1234 joined the game
2014-07-09 21:48:12 [SERVER] [INFO] Saving and pausing game...
2014-07-09 21:48:12 [SERVER] [INFO] Saving chunks for level 'New World'/Overworld
2014-07-09 21:48:12 [SERVER] [INFO] Saving chunks for level 'New World'/Nether
2014-07-09 21:48:12 [SERVER] [INFO] Saving chunks for level 'New World'/The End
2014-07-09 21:50:08 [SERVER] [INFO] Saving and pausing game...
2014-07-09 21:50:08 [SERVER] [INFO] Saving chunks for level 'New World'/Overworld
2014-07-09 21:50:08 [SERVER] [INFO] Saving chunks for level 'New World'/Nether
2014-07-09 21:50:08 [SERVER] [INFO] Saving chunks for level 'New World'/The End
2014-07-09 21:50:09 [SERVER] [INFO] Stopping server
2014-07-09 21:50:09 [SERVER] [INFO] Saving players
2014-07-09 21:50:09 [SERVER] [INFO] Player1234 left the game
2014-07-09 21:50:09 [SERVER] [INFO] Saving worlds
2014-07-09 21:50:09 [SERVER] [INFO] Saving chunks for level 'New World'/Overworld
2014-07-09 21:50:09 [SERVER] [INFO] Saving chunks for level 'New World'/Nether
2014-07-09 21:50:09 [SERVER] [INFO] Saving chunks for level 'New World'/The End
2014-07-09 21:50:39 [SERVER] [INFO] Starting integrated minecraft server version 1.6.4
2014-07-09 21:50:39 [SERVER] [INFO] Generating keypair
2014-07-09 21:50:40 [SERVER] [INFO] Preparing start region for level 0
2014-07-09 21:50:41 [SERVER] [INFO] Player1234[/127.0.0.1:0] logged in with entity id 459 at (231.519969121553, 65.0, 133.13555515560017)
2014-07-09 21:50:41 [SERVER] [INFO] Player1234 joined the game
2014-07-09 21:50:42 [SERVER] [INFO] Saving and pausing game...
2014-07-09 21:50:42 [SERVER] [INFO] Saving chunks for level 'New World'/Overworld
2014-07-09 21:50:42 [SERVER] [INFO] Saving chunks for level 'New World'/Nether
2014-07-09 21:50:42 [SERVER] [INFO] Saving chunks for level 'New World'/The End
2014-07-09 21:51:47 [SERVER] [INFO] Saving and pausing game...
2014-07-09 21:51:47 [SERVER] [INFO] Saving chunks for level 'New World'/Overworld
2014-07-09 21:51:47 [SERVER] [INFO] Saving chunks for level 'New World'/Nether
2014-07-09 21:51:47 [SERVER] [INFO] Saving chunks for level 'New World'/The End
2014-07-09 21:51:47 [SERVER] [INFO] Stopping server
2014-07-09 21:51:47 [SERVER] [INFO] Saving players
2014-07-09 21:51:47 [SERVER] [INFO] Player1234 left the game
2014-07-09 21:51:47 [SERVER] [INFO] Saving worlds
2014-07-09 21:51:47 [SERVER] [INFO] Saving chunks for level 'New World'/Overworld
2014-07-09 21:51:47 [SERVER] [INFO] Saving chunks for level 'New World'/Nether
2014-07-09 21:51:47 [SERVER] [INFO] Saving chunks for level 'New World'/The End
2014-07-09 22:55:49 [SERVER] [INFO] Starting integrated minecraft server version 1.6.4
2014-07-09 22:55:49 [SERVER] [INFO] Generating keypair
2014-07-09 22:55:49 [SERVER] [INFO] Preparing start region for level 0
2014-07-09 22:55:50 [SERVER] [INFO] Player1234[/127.0.0.1:0] logged in with entity id 458 at (231.519969121553, 65.0, 133.13555515560017)
2014-07-09 22:55:50 [SERVER] [INFO] Player1234 joined the game
2014-07-09 22:55:53 [SERVER] [INFO] Saving and pausing game...
2014-07-09 22:55:53 [SERVER] [INFO] Saving chunks for level 'New World'/Overworld
2014-07-09 22:55:54 [SERVER] [INFO] Saving chunks for level 'New World'/Nether
2014-07-09 22:55:54 [SERVER] [INFO] Saving chunks for level 'New World'/The End
2014-07-09 22:55:56 [SERVER] [INFO] Saving and pausing game...
2014-07-09 22:55:56 [SERVER] [INFO] Saving chunks for level 'New World'/Overworld
2014-07-09 22:55:56 [SERVER] [INFO] Saving chunks for level 'New World'/Nether
2014-07-09 22:55:56 [SERVER] [INFO] Saving chunks for level 'New World'/The End
2014-07-09 22:56:39 [SERVER] [INFO] Saving and pausing game...
2014-07-09 22:56:39 [SERVER] [INFO] Saving chunks for level 'New World'/Overworld
2014-07-09 22:56:39 [SERVER] [INFO] Saving chunks for level 'New World'/Nether
2014-07-09 22:56:39 [SERVER] [INFO] Saving chunks for level 'New World'/The End
2014-07-09 22:56:39 [SERVER] [INFO] Stopping server
2014-07-09 22:56:39 [SERVER] [INFO] Saving players
2014-07-09 22:56:39 [SERVER] [INFO] Player1234 left the game
2014-07-09 22:56:39 [SERVER] [INFO] Saving worlds
2014-07-09 22:56:39 [SERVER] [INFO] Saving chunks for level 'New World'/Overworld
2014-07-09 22:56:39 [SERVER] [INFO] Saving chunks for level 'New World'/Nether
2014-07-09 22:56:39 [SERVER] [INFO] Saving chunks for level 'New World'/The End
2014-07-12 00:47:50 [SERVER] [INFO] Starting integrated minecraft server version 1.6.4
2014-07-12 00:47:50 [SERVER] [INFO] Generating keypair
2014-07-12 00:47:50 [SERVER] [INFO] Preparing start region for level 0
2014-07-12 00:47:51 [SERVER] [INFO] Player1234[/127.0.0.1:0] logged in with entity id 458 at (231.519969121553, 65.0, 133.13555515560017)
2014-07-12 00:47:51 [SERVER] [INFO] Player1234 joined the game
2014-07-12 00:47:52 [SERVER] [INFO] Saving and pausing game...
2014-07-12 00:47:52 [SERVER] [INFO] Saving chunks for level 'New World'/Overworld
2014-07-12 00:47:53 [SERVER] [INFO] Saving chunks for level 'New World'/Nether
2014-07-12 00:47:53 [SERVER] [INFO] Saving chunks for level 'New World'/The End
2014-07-13 23:26:33 [SERVER] [INFO] Starting integrated minecraft server version 1.6.4
2014-07-13 23:26:33 [SERVER] [INFO] Generating keypair
2014-07-13 23:26:34 [SERVER] [INFO] Preparing start region for level 0
2014-07-13 23:26:35 [SERVER] [INFO] Player1234[/127.0.0.1:0] logged in with entity id 458 at (231.519969121553, 65.0, 133.13555515560017)
2014-07-13 23:26:35 [SERVER] [INFO] Player1234 joined the game
2014-07-13 23:26:37 [SERVER] [INFO] Saving and pausing game...
2014-07-13 23:26:37 [SERVER] [INFO] Saving chunks for level 'New World'/Overworld
2014-07-13 23:26:37 [SERVER] [INFO] Saving chunks for level 'New World'/Nether
2014-07-13 23:26:37 [SERVER] [INFO] Saving chunks for level 'New World'/The End
2014-07-13 23:27:10 [SERVER] [INFO] Saving and pausing game...
2014-07-13 23:27:10 [SERVER] [INFO] Saving chunks for level 'New World'/Overworld
2014-07-13 23:27:10 [SERVER] [INFO] Saving chunks for level 'New World'/Nether
2014-07-13 23:27:10 [SERVER] [INFO] Saving chunks for level 'New World'/The End
2014-07-13 23:27:11 [SERVER] [INFO] Stopping server
2014-07-13 23:27:11 [SERVER] [INFO] Saving players
2014-07-13 23:27:11 [SERVER] [INFO] Player1234 left the game
2014-07-13 23:27:11 [SERVER] [INFO] Saving worlds
2014-07-13 23:27:11 [SERVER] [INFO] Saving chunks for level 'New World'/Overworld
2014-07-13 23:27:11 [SERVER] [INFO] Saving chunks for level 'New World'/Nether
2014-07-13 23:27:11 [SERVER] [INFO] Saving chunks for level 'New World'/The End
2014-07-13 23:27:51 [SERVER] [INFO] Starting integrated minecraft server version 1.6.4
2014-07-13 23:27:51 [SERVER] [INFO] Generating keypair
2014-07-13 23:27:52 [SERVER] [INFO] Preparing start region for level 0
2014-07-13 23:27:53 [SERVER] [INFO] Player1234[/127.0.0.1:0] logged in with entity id 459 at (231.519969121553, 65.0, 133.13555515560017)
2014-07-13 23:27:53 [SERVER] [INFO] Player1234 joined the game
2014-07-13 23:27:54 [SERVER] [INFO] Saving and pausing game...
2014-07-13 23:27:54 [SERVER] [INFO] Saving chunks for level 'New World'/Overworld
2014-07-13 23:27:54 [SERVER] [INFO] Saving chunks for level 'New World'/Nether
2014-07-13 23:27:54 [SERVER] [INFO] Saving chunks for level 'New World'/The End
2014-07-13 23:28:36 [SERVER] [INFO] Saving and pausing game...
2014-07-13 23:28:36 [SERVER] [INFO] Saving chunks for level 'New World'/Overworld
2014-07-13 23:28:36 [SERVER] [INFO] Saving chunks for level 'New World'/Nether
2014-07-13 23:28:36 [SERVER] [INFO] Saving chunks for level 'New World'/The End
2014-07-13 23:28:36 [SERVER] [INFO] Stopping server
2014-07-13 23:28:36 [SERVER] [INFO] Saving players
2014-07-13 23:28:36 [SERVER] [INFO] Player1234 left the game
2014-07-13 23:28:36 [SERVER] [INFO] Saving worlds
2014-07-13 23:28:36 [SERVER] [INFO] Saving chunks for level 'New World'/Overworld
2014-07-13 23:28:37 [SERVER] [INFO] Saving chunks for level 'New World'/Nether
2014-07-13 23:28:37 [SERVER] [INFO] Saving chunks for level 'New World'/The End
2014-07-13 23:29:32 [SERVER] [INFO] Starting integrated minecraft server version 1.6.4
2014-07-13 23:29:32 [SERVER] [INFO] Generating keypair
2014-07-13 23:29:32 [SERVER] [INFO] Preparing start region for level 0
2014-07-13 23:29:33 [SERVER] [INFO] Player1234[/127.0.0.1:0] logged in with entity id 459 at (231.519969121553, 65.0, 133.13555515560017)
2014-07-13 23:29:33 [SERVER] [INFO] Player1234 joined the game
2014-07-13 23:29:35 [SERVER] [INFO] Saving and pausing game...
2014-07-13 23:29:35 [SERVER] [INFO] Saving chunks for level 'New World'/Overworld
2014-07-13 23:29:35 [SERVER] [INFO] Saving chunks for level 'New World'/Nether
2014-07-13 23:29:35 [SERVER] [INFO] Saving chunks for level 'New World'/The End
2014-07-13 23:31:47 [SERVER] [INFO] Saving and pausing game...
2014-07-13 23:31:47 [SERVER] [INFO] Saving chunks for level 'New World'/Overworld
2014-07-13 23:31:47 [SERVER] [INFO] Saving chunks for level 'New World'/Nether
2014-07-13 23:31:47 [SERVER] [INFO] Saving chunks for level 'New World'/The End
2014-07-13 23:31:47 [SERVER] [INFO] Stopping server
2014-07-13 23:31:47 [SERVER] [INFO] Saving players
2014-07-13 23:31:47 [SERVER] [INFO] Player1234 left the game
2014-07-13 23:31:47 [SERVER] [INFO] Saving worlds
2014-07-13 23:31:47 [SERVER] [INFO] Saving chunks for level 'New World'/Overworld
2014-07-13 23:31:47 [SERVER] [INFO] Saving chunks for level 'New World'/Nether
2014-07-13 23:31:47 [SERVER] [INFO] Saving chunks for level 'New World'/The End
2014-07-13 23:32:44 [SERVER] [INFO] Starting integrated minecraft server version 1.6.4
2014-07-13 23:32:44 [SERVER] [INFO] Generating keypair
2014-07-13 23:32:45 [SERVER] [INFO] Preparing start region for level 0
2014-07-13 23:32:45 [SERVER] [INFO] Player1234[/127.0.0.1:0] logged in with entity id 458 at (231.519969121553, 65.0, 133.13555515560017)
2014-07-13 23:32:45 [SERVER] [INFO] Player1234 joined the game
2014-07-13 23:32:48 [SERVER] [INFO] Saving and pausing game...
2014-07-13 23:32:48 [SERVER] [INFO] Saving chunks for level 'New World'/Overworld
2014-07-13 23:32:48 [SERVER] [INFO] Saving chunks for level 'New World'/Nether
2014-07-13 23:32:48 [SERVER] [INFO] Saving chunks for level 'New World'/The End
2014-07-13 23:35:06 [SERVER] [INFO] Saving and pausing game...
2014-07-13 23:35:06 [SERVER] [INFO] Saving chunks for level 'New World'/Overworld
2014-07-13 23:35:07 [SERVER] [INFO] Saving chunks for level 'New World'/Nether
2014-07-13 23:35:07 [SERVER] [INFO] Saving chunks for level 'New World'/The End
2014-07-13 23:35:07 [SERVER] [INFO] Stopping server
2014-07-13 23:35:07 [SERVER] [INFO] Saving players
2014-07-13 23:35:07 [SERVER] [INFO] Player1234 left the game
2014-07-13 23:35:07 [SERVER] [INFO] Saving worlds
2014-07-13 23:35:07 [SERVER] [INFO] Saving chunks for level 'New World'/Overworld
2014-07-13 23:35:07 [SERVER] [INFO] Saving chunks for level 'New World'/Nether
2014-07-13 23:35:07 [SERVER] [INFO] Saving chunks for level 'New World'/The End
2014-07-13 23:37:25 [SERVER] [INFO] Starting integrated minecraft server version 1.6.4
2014-07-13 23:37:25 [SERVER] [INFO] Generating keypair
2014-07-13 23:37:26 [SERVER] [INFO] Preparing start region for level 0
2014-07-13 23:37:27 [SERVER] [INFO] Player1234[/127.0.0.1:0] logged in with entity id 458 at (231.519969121553, 65.0, 133.13555515560017)
2014-07-13 23:37:27 [SERVER] [INFO] Player1234 joined the game
2014-07-13 23:37:28 [SERVER] [INFO] Saving and pausing game...
2014-07-13 23:37:28 [SERVER] [INFO] Saving chunks for level 'New World'/Overworld
2014-07-13 23:37:28 [SERVER] [INFO] Saving chunks for level 'New World'/Nether
2014-07-13 23:37:28 [SERVER] [INFO] Saving chunks for level 'New World'/The End
2014-07-13 23:37:36 [SERVER] [INFO] Saving and pausing game...
2014-07-13 23:37:36 [SERVER] [INFO] Saving chunks for level 'New World'/Overworld
2014-07-13 23:37:36 [SERVER] [INFO] Saving chunks for level 'New World'/Nether
2014-07-13 23:37:36 [SERVER] [INFO] Saving chunks for level 'New World'/The End
2014-07-13 23:37:37 [SERVER] [INFO] Stopping server
2014-07-13 23:37:37 [SERVER] [INFO] Saving players
2014-07-13 23:37:37 [SERVER] [INFO] Player1234 left the game
2014-07-13 23:37:37 [SERVER] [INFO] Saving worlds
2014-07-13 23:37:37 [SERVER] [INFO] Saving chunks for level 'New World'/Overworld
2014-07-13 23:37:37 [SERVER] [INFO] Saving chunks for level 'New World'/Nether
2014-07-13 23:37:37 [SERVER] [INFO] Saving chunks for level 'New World'/The End
2014-07-13 23:40:48 [SERVER] [INFO] Starting integrated minecraft server version 1.6.4
2014-07-13 23:40:48 [SERVER] [INFO] Generating keypair
2014-07-13 23:40:48 [SERVER] [INFO] Preparing start region for level 0
2014-07-13 23:40:49 [SERVER] [INFO] Player1234[/127.0.0.1:0] logged in with entity id 458 at (231.519969121553, 65.0, 133.13555515560017)
2014-07-13 23:40:49 [SERVER] [INFO] Player1234 joined the game
2014-07-13 23:40:51 [SERVER] [INFO] Saving and pausing game...
2014-07-13 23:40:51 [SERVER] [INFO] Saving chunks for level 'New World'/Overworld
2014-07-13 23:40:51 [SERVER] [INFO] Saving chunks for level 'New World'/Nether
2014-07-13 23:40:51 [SERVER] [INFO] Saving chunks for level 'New World'/The End
2014-07-13 23:42:29 [SERVER] [INFO] Saving and pausing game...
2014-07-13 23:42:29 [SERVER] [INFO] Saving chunks for level 'New World'/Overworld
2014-07-13 23:42:29 [SERVER] [INFO] Saving chunks for level 'New World'/Nether
2014-07-13 23:42:29 [SERVER] [INFO] Saving chunks for level 'New World'/The End
2014-07-13 23:42:30 [SERVER] [INFO] Stopping server
2014-07-13 23:42:30 [SERVER] [INFO] Saving players
2014-07-13 23:42:30 [SERVER] [INFO] Player1234 left the game
2014-07-13 23:42:30 [SERVER] [INFO] Saving worlds
2014-07-13 23:42:30 [SERVER] [INFO] Saving chunks for level 'New World'/Overworld
2014-07-13 23:42:30 [SERVER] [INFO] Saving chunks for level 'New World'/Nether
2014-07-13 23:42:30 [SERVER] [INFO] Saving chunks for level 'New World'/The End
2014-07-13 23:48:00 [SERVER] [INFO] Starting integrated minecraft server version 1.6.4
2014-07-13 23:48:00 [SERVER] [INFO] Generating keypair
2014-07-13 23:48:01 [SERVER] [INFO] Preparing start region for level 0
2014-07-13 23:48:02 [SERVER] [INFO] Player1234[/127.0.0.1:0] logged in with entity id 458 at (231.519969121553, 65.0, 133.13555515560017)
2014-07-13 23:48:02 [SERVER] [INFO] Player1234 joined the game
2014-07-13 23:48:03 [SERVER] [INFO] Saving and pausing game...
2014-07-13 23:48:03 [SERVER] [INFO] Saving chunks for level 'New World'/Overworld
2014-07-13 23:48:04 [SERVER] [INFO] Saving chunks for level 'New World'/Nether
2014-07-13 23:48:04 [SERVER] [INFO] Saving chunks for level 'New World'/The End
2014-07-13 23:48:11 [SERVER] [INFO] Saving and pausing game...
2014-07-13 23:48:11 [SERVER] [INFO] Saving chunks for level 'New World'/Overworld
2014-07-13 23:48:11 [SERVER] [INFO] Saving chunks for level 'New World'/Nether
2014-07-13 23:48:11 [SERVER] [INFO] Saving chunks for level 'New World'/The End
2014-07-13 23:48:12 [SERVER] [INFO] Stopping server
2014-07-13 23:48:12 [SERVER] [INFO] Saving players
2014-07-13 23:48:12 [SERVER] [INFO] Player1234 left the game
2014-07-13 23:48:12 [SERVER] [INFO] Saving worlds
2014-07-13 23:48:12 [SERVER] [INFO] Saving chunks for level 'New World'/Overworld
2014-07-13 23:48:12 [SERVER] [INFO] Saving chunks for level 'New World'/Nether
2014-07-13 23:48:12 [SERVER] [INFO] Saving chunks for level 'New World'/The End
2014-07-13 23:51:57 [SERVER] [INFO] Starting integrated minecraft server version 1.6.4
2014-07-13 23:51:57 [SERVER] [INFO] Generating keypair
2014-07-13 23:51:57 [SERVER] [INFO] Preparing start region for level 0
2014-07-13 23:51:58 [SERVER] [INFO] Player1234[/127.0.0.1:0] logged in with entity id 458 at (231.519969121553, 65.0, 133.13555515560017)
2014-07-13 23:51:58 [SERVER] [INFO] Player1234 joined the game
2014-07-13 23:52:00 [SERVER] [INFO] Saving and pausing game...
2014-07-13 23:52:00 [SERVER] [INFO] Saving chunks for level 'New World'/Overworld
2014-07-13 23:52:00 [SERVER] [INFO] Saving chunks for level 'New World'/Nether
2014-07-13 23:52:00 [SERVER] [INFO] Saving chunks for level 'New World'/The End
2014-07-14 00:01:40 [SERVER] [INFO] Saving and pausing game...
2014-07-14 00:01:40 [SERVER] [INFO] Saving chunks for level 'New World'/Overworld
2014-07-14 00:01:40 [SERVER] [INFO] Saving chunks for level 'New World'/Nether
2014-07-14 00:01:40 [SERVER] [INFO] Saving chunks for level 'New World'/The End
2014-07-14 00:01:41 [SERVER] [INFO] Stopping server
2014-07-14 00:01:41 [SERVER] [INFO] Saving players
2014-07-14 00:01:41 [SERVER] [INFO] Player1234 left the game
2014-07-14 00:01:41 [SERVER] [INFO] Saving worlds
2014-07-14 00:01:41 [SERVER] [INFO] Saving chunks for level 'New World'/Overworld
2014-07-14 00:01:41 [SERVER] [INFO] Saving chunks for level 'New World'/Nether
2014-07-14 00:01:41 [SERVER] [INFO] Saving chunks for level 'New World'/The End
2014-07-14 00:01:51 [SERVER] [INFO] Starting integrated minecraft server version 1.6.4
2014-07-14 00:01:51 [SERVER] [INFO] Generating keypair
2014-07-14 00:01:51 [SERVER] [INFO] Preparing start region for level 0
2014-07-14 00:01:52 [SERVER] [INFO] Player1234[/127.0.0.1:0] logged in with entity id 458 at (231.519969121553, 65.0, 133.13555515560017)
2014-07-14 00:01:52 [SERVER] [INFO] Player1234 joined the game
2014-07-14 00:01:54 [SERVER] [INFO] Saving and pausing game...
2014-07-14 00:01:54 [SERVER] [INFO] Saving chunks for level 'New World'/Overworld
2014-07-14 00:01:54 [SERVER] [INFO] Saving chunks for level 'New World'/Nether
2014-07-14 00:01:54 [SERVER] [INFO] Saving chunks for level 'New World'/The End
2014-07-14 00:04:13 [SERVER] [INFO] Saving and pausing game...
2014-07-14 00:04:13 [SERVER] [INFO] Saving chunks for level 'New World'/Overworld
2014-07-14 00:04:13 [SERVER] [INFO] Saving chunks for level 'New World'/Nether
2014-07-14 00:04:13 [SERVER] [INFO] Saving chunks for level 'New World'/The End
2014-07-14 00:04:13 [SERVER] [INFO] Stopping server
2014-07-14 00:04:13 [SERVER] [INFO] Saving players
2014-07-14 00:04:13 [SERVER] [INFO] Player1234 left the game
2014-07-14 00:04:13 [SERVER] [INFO] Saving worlds
2014-07-14 00:04:13 [SERVER] [INFO] Saving chunks for level 'New World'/Overworld
2014-07-14 00:04:13 [SERVER] [INFO] Saving chunks for level 'New World'/Nether
2014-07-14 00:04:13 [SERVER] [INFO] Saving chunks for level 'New World'/The End
2014-07-14 00:04:50 [SERVER] [INFO] Starting integrated minecraft server version 1.6.4
2014-07-14 00:04:50 [SERVER] [INFO] Generating keypair
2014-07-14 00:04:50 [SERVER] [INFO] Preparing start region for level 0
2014-07-14 00:04:51 [SERVER] [INFO] Player1234[/127.0.0.1:0] logged in with entity id 458 at (231.519969121553, 65.0, 133.13555515560017)
2014-07-14 00:04:51 [SERVER] [INFO] Player1234 joined the game
2014-07-14 00:04:53 [SERVER] [INFO] Saving and pausing game...
2014-07-14 00:04:53 [SERVER] [INFO] Saving chunks for level 'New World'/Overworld
2014-07-14 00:04:53 [SERVER] [INFO] Saving chunks for level 'New World'/Nether
2014-07-14 00:04:53 [SERVER] [INFO] Saving chunks for level 'New World'/The End
2014-07-14 00:05:11 [SERVER] [INFO] Saving and pausing game...
2014-07-14 00:05:11 [SERVER] [INFO] Saving chunks for level 'New World'/Overworld
2014-07-14 00:05:11 [SERVER] [INFO] Saving chunks for level 'New World'/Nether
2014-07-14 00:05:11 [SERVER] [INFO] Saving chunks for level 'New World'/The End
2014-07-14 00:05:11 [SERVER] [INFO] Stopping server
2014-07-14 00:05:11 [SERVER] [INFO] Saving players
2014-07-14 00:05:11 [SERVER] [INFO] Player1234 left the game
2014-07-14 00:05:11 [SERVER] [INFO] Saving worlds
2014-07-14 00:05:11 [SERVER] [INFO] Saving chunks for level 'New World'/Overworld
2014-07-14 00:05:11 [SERVER] [INFO] Saving chunks for level 'New World'/Nether
2014-07-14 00:05:11 [SERVER] [INFO] Saving chunks for level 'New World'/The End
2014-07-14 00:09:38 [SERVER] [INFO] Starting integrated minecraft server version 1.6.4
2014-07-14 00:09:38 [SERVER] [INFO] Generating keypair
2014-07-14 00:09:38 [SERVER] [INFO] Preparing start region for level 0
2014-07-14 00:09:39 [SERVER] [INFO] Player1234[/127.0.0.1:0] logged in with entity id 458 at (231.519969121553, 65.0, 133.13555515560017)
2014-07-14 00:09:39 [SERVER] [INFO] Player1234 joined the game
2014-07-14 00:09:40 [SERVER] [INFO] Saving and pausing game...
2014-07-14 00:09:40 [SERVER] [INFO] Saving chunks for level 'New World'/Overworld
2014-07-14 00:09:40 [SERVER] [INFO] Saving chunks for level 'New World'/Nether
2014-07-14 00:09:40 [SERVER] [INFO] Saving chunks for level 'New World'/The End
2014-07-14 00:15:01 [SERVER] [INFO] Saving and pausing game...
2014-07-14 00:15:01 [SERVER] [INFO] Saving chunks for level 'New World'/Overworld
2014-07-14 00:15:01 [SERVER] [INFO] Saving chunks for level 'New World'/Nether
2014-07-14 00:15:01 [SERVER] [INFO] Saving chunks for level 'New World'/The End
2014-07-14 00:15:01 [SERVER] [INFO] Stopping server
2014-07-14 00:15:01 [SERVER] [INFO] Saving players
2014-07-14 00:15:01 [SERVER] [INFO] Player1234 left the game
2014-07-14 00:15:01 [SERVER] [INFO] Saving worlds
2014-07-14 00:15:01 [SERVER] [INFO] Saving chunks for level 'New World'/Overworld
2014-07-14 00:15:01 [SERVER] [INFO] Saving chunks for level 'New World'/Nether
2014-07-14 00:15:01 [SERVER] [INFO] Saving chunks for level 'New World'/The End
2014-07-14 00:16:50 [SERVER] [INFO] Starting integrated minecraft server version 1.6.4
2014-07-14 00:16:50 [SERVER] [INFO] Generating keypair
2014-07-14 00:16:50 [SERVER] [INFO] Preparing start region for level 0
2014-07-14 00:16:51 [SERVER] [INFO] Player1234[/127.0.0.1:0] logged in with entity id 458 at (231.519969121553, 65.0, 133.13555515560017)
2014-07-14 00:16:51 [SERVER] [INFO] Player1234 joined the game
2014-07-14 00:16:53 [SERVER] [INFO] Saving and pausing game...
2014-07-14 00:16:53 [SERVER] [INFO] Saving chunks for level 'New World'/Overworld
2014-07-14 00:16:53 [SERVER] [INFO] Saving chunks for level 'New World'/Nether
2014-07-14 00:16:53 [SERVER] [INFO] Saving chunks for level 'New World'/The End
2014-07-14 00:17:00 [SERVER] [WARNING] Can't keep up! Did the system time change, or is the server overloaded?
2014-07-14 00:18:15 [SERVER] [WARNING] Can't keep up! Did the system time change, or is the server overloaded?
2014-07-14 00:18:47 [SERVER] [WARNING] Can't keep up! Did the system time change, or is the server overloaded?
2014-07-14 00:18:58 [SERVER] [WARNING] Can't keep up! Did the system time change, or is the server overloaded?
2014-07-14 00:19:24 [SERVER] [WARNING] Can't keep up! Did the system time change, or is the server overloaded?
2014-07-14 00:21:36 [SERVER] [WARNING] Can't keep up! Did the system time change, or is the server overloaded?
2014-07-14 00:22:42 [SERVER] [WARNING] Can't keep up! Did the system time change, or is the server overloaded?
2014-07-14 00:22:53 [SERVER] [WARNING] Can't keep up! Did the system time change, or is the server overloaded?
2014-07-14 00:23:10 [SERVER] [WARNING] Can't keep up! Did the system time change, or is the server overloaded?
2014-07-14 00:24:32 [SERVER] [WARNING] Can't keep up! Did the system time change, or is the server overloaded?
2014-07-14 00:25:36 [SERVER] [WARNING] Can't keep up! Did the system time change, or is the server overloaded?
2014-07-14 00:27:52 [SERVER] [WARNING] Can't keep up! Did the system time change, or is the server overloaded?
2014-07-14 00:28:25 [SERVER] [WARNING] Can't keep up! Did the system time change, or is the server overloaded?
2014-07-14 00:28:36 [SERVER] [WARNING] Can't keep up! Did the system time change, or is the server overloaded?
2014-07-14 00:29:11 [SERVER] [WARNING] Can't keep up! Did the system time change, or is the server overloaded?
2014-07-14 00:29:37 [SERVER] [WARNING] Can't keep up! Did the system time change, or is the server overloaded?
2014-07-14 00:30:04 [SERVER] [WARNING] Can't keep up! Did the system time change, or is the server overloaded?
2014-07-14 00:30:23 [SERVER] [WARNING] Can't keep up! Did the system time change, or is the server overloaded?
2014-07-14 00:30:43 [SERVER] [WARNING] Can't keep up! Did the system time change, or is the server overloaded?
2014-07-14 00:31:00 [SERVER] [WARNING] Can't keep up! Did the system time change, or is the server overloaded?
2014-07-14 00:31:47 [SERVER] [WARNING] Can't keep up! Did the system time change, or is the server overloaded?
2014-07-14 00:32:40 [SERVER] [WARNING] Can't keep up! Did the system time change, or is the server overloaded?
2014-07-14 00:33:19 [SERVER] [WARNING] Can't keep up! Did the system time change, or is the server overloaded?
2014-07-14 00:33:23 [SERVER] [WARNING] Can't keep up! Did the system time change, or is the server overloaded?
2014-07-14 00:34:59 [SERVER] [INFO] Starting integrated minecraft server version 1.6.4
2014-07-14 00:34:59 [SERVER] [INFO] Generating keypair
2014-07-14 00:34:59 [SERVER] [INFO] Converting map!
2014-07-14 00:34:59 [SERVER] [INFO] Scanning folders...
2014-07-14 00:34:59 [SERVER] [INFO] Total conversion count is 0
2014-07-14 00:35:00 [SERVER] [INFO] Preparing start region for level 0
2014-07-14 00:35:01 [SERVER] [INFO] Preparing spawn area: 11%
2014-07-14 00:35:02 [SERVER] [INFO] Preparing spawn area: 29%
2014-07-14 00:35:03 [SERVER] [INFO] Preparing spawn area: 50%
2014-07-14 00:35:04 [SERVER] [INFO] Preparing spawn area: 69%
2014-07-14 00:35:05 [SERVER] [INFO] Preparing spawn area: 89%
2014-07-14 00:35:05 [SERVER] [INFO] Player1234[/127.0.0.1:0] logged in with entity id 248 at (-91.5, 67.0, 227.5)
2014-07-14 00:35:05 [SERVER] [INFO] Player1234 joined the game
2014-07-14 00:35:21 [SERVER] [INFO] Saving and pausing game...
2014-07-14 00:35:21 [SERVER] [INFO] Saving chunks for level 'New World'/Overworld
2014-07-14 00:35:21 [SERVER] [INFO] Saving chunks for level 'New World'/Nether
2014-07-14 00:35:21 [SERVER] [INFO] Saving chunks for level 'New World'/The End
2014-07-14 00:35:52 [SERVER] [INFO] Saving and pausing game...
2014-07-14 00:35:52 [SERVER] [INFO] Saving chunks for level 'New World'/Overworld
2014-07-14 00:35:52 [SERVER] [INFO] Saving chunks for level 'New World'/Nether
2014-07-14 00:35:52 [SERVER] [INFO] Saving chunks for level 'New World'/The End
2014-07-14 00:35:52 [SERVER] [INFO] Stopping server
2014-07-14 00:35:52 [SERVER] [INFO] Saving players
2014-07-14 00:35:52 [SERVER] [INFO] Player1234 left the game
2014-07-14 00:35:52 [SERVER] [INFO] Saving worlds
2014-07-14 00:35:52 [SERVER] [INFO] Saving chunks for level 'New World'/Overworld
2014-07-14 00:35:52 [SERVER] [INFO] Saving chunks for level 'New World'/Nether
2014-07-14 00:35:52 [SERVER] [INFO] Saving chunks for level 'New World'/The End
2014-07-19 23:23:58 [SERVER] [INFO] Starting integrated minecraft server version 1.6.4
2014-07-19 23:23:58 [SERVER] [INFO] Generating keypair
2014-07-19 23:23:58 [SERVER] [INFO] Converting map!
2014-07-19 23:23:58 [SERVER] [INFO] Scanning folders...
2014-07-19 23:23:58 [SERVER] [INFO] Total conversion count is 0
2014-07-19 23:23:59 [SERVER] [INFO] Preparing start region for level 0
2014-07-19 23:24:00 [SERVER] [INFO] Preparing spawn area: 12%
2014-07-19 23:24:01 [SERVER] [INFO] Preparing spawn area: 32%
2014-07-19 23:24:02 [SERVER] [INFO] Preparing spawn area: 57%
2014-07-19 23:24:03 [SERVER] [INFO] Preparing spawn area: 84%
2014-07-19 23:24:04 [SERVER] [INFO] Player1234[/127.0.0.1:0] logged in with entity id 107 at (234.5, 74.0, 20.5)
2014-07-19 23:24:04 [SERVER] [INFO] Player1234 joined the game
2014-07-19 23:24:06 [SERVER] [INFO] Saving and pausing game...
2014-07-19 23:24:06 [SERVER] [INFO] Saving chunks for level 'New World'/Overworld
2014-07-19 23:24:11 [SERVER] [INFO] Saving chunks for level 'New World'/Nether
2014-07-19 23:24:11 [SERVER] [INFO] Saving chunks for level 'New World'/The End
2014-07-19 23:24:11 [SERVER] [WARNING] Can't keep up! Did the system time change, or is the server overloaded?
2014-07-19 23:24:14 [SERVER] [INFO] Stopping server
2014-07-19 23:24:14 [SERVER] [INFO] Saving players
2014-07-19 23:24:14 [SERVER] [INFO] Player1234 left the game
2014-07-19 23:24:14 [SERVER] [INFO] Saving worlds
2014-07-19 23:24:14 [SERVER] [INFO] Saving chunks for level 'New World'/Overworld
2014-07-19 23:24:15 [SERVER] [INFO] Saving chunks for level 'New World'/Nether
2014-07-19 23:24:15 [SERVER] [INFO] Saving chunks for level 'New World'/The End
2014-07-19 23:26:24 [SERVER] [INFO] Starting integrated minecraft server version 1.6.4
2014-07-19 23:26:24 [SERVER] [INFO] Generating keypair
2014-07-19 23:26:24 [SERVER] [INFO] Preparing start region for level 0
2014-07-19 23:26:25 [SERVER] [INFO] Preparing spawn area: 93%
2014-07-19 23:26:25 [SERVER] [INFO] Player1234[/127.0.0.1:0] logged in with entity id 593 at (234.5, 74.0, 20.5)
2014-07-19 23:26:25 [SERVER] [INFO] Player1234 joined the game
2014-07-19 23:26:48 [SERVER] [INFO] Saving and pausing game...
2014-07-19 23:26:48 [SERVER] [INFO] Saving chunks for level 'New World'/Overworld
2014-07-19 23:26:48 [SERVER] [INFO] Saving chunks for level 'New World'/Nether
2014-07-19 23:26:48 [SERVER] [INFO] Saving chunks for level 'New World'/The End
2014-07-19 23:39:44 [SERVER] [INFO] Saving and pausing game...
2014-07-19 23:39:44 [SERVER] [INFO] Saving chunks for level 'New World'/Overworld
2014-07-19 23:39:44 [SERVER] [INFO] Saving chunks for level 'New World'/Nether
2014-07-19 23:39:44 [SERVER] [INFO] Saving chunks for level 'New World'/The End
2014-07-19 23:39:44 [SERVER] [INFO] Stopping server
2014-07-19 23:39:44 [SERVER] [INFO] Saving players
2014-07-19 23:39:44 [SERVER] [INFO] Player1234 left the game
2014-07-19 23:39:44 [SERVER] [INFO] Saving worlds
2014-07-19 23:39:44 [SERVER] [INFO] Saving chunks for level 'New World'/Overworld
2014-07-19 23:39:44 [SERVER] [INFO] Saving chunks for level 'New World'/Nether
2014-07-19 23:39:44 [SERVER] [INFO] Saving chunks for level 'New World'/The End
2014-07-20 13:58:23 [SERVER] [INFO] Starting integrated minecraft server version 1.6.4
2014-07-20 13:58:23 [SERVER] [INFO] Generating keypair
2014-07-20 13:58:23 [SERVER] [INFO] Preparing start region for level 0
2014-07-20 13:58:24 [SERVER] [INFO] Player1234[/127.0.0.1:0] logged in with entity id 280 at (234.5, 74.0, 20.5)
2014-07-20 13:58:24 [SERVER] [INFO] Player1234 joined the game
2014-07-20 13:58:33 [SERVER] [INFO] Stopping server
2014-07-20 13:58:33 [SERVER] [INFO] Saving players
2014-07-20 13:58:33 [SERVER] [INFO] Player1234 left the game
2014-07-20 13:58:33 [SERVER] [INFO] Saving worlds
2014-07-20 13:58:33 [SERVER] [INFO] Saving chunks for level 'New World'/Overworld
2014-07-20 13:58:33 [SERVER] [INFO] Saving chunks for level 'New World'/Nether
2014-07-20 13:58:33 [SERVER] [INFO] Saving chunks for level 'New World'/The End
2014-07-20 14:04:17 [SERVER] [INFO] Starting integrated minecraft server version 1.6.4
2014-07-20 14:04:17 [SERVER] [INFO] Generating keypair
2014-07-20 14:04:17 [SERVER] [INFO] Preparing start region for level 0
2014-07-20 14:04:18 [SERVER] [INFO] Player1234[/127.0.0.1:0] logged in with entity id 279 at (234.5, 74.0, 20.5)
2014-07-20 14:04:18 [SERVER] [INFO] Player1234 joined the game
2014-07-20 14:04:31 [SERVER] [INFO] Stopping server
2014-07-20 14:04:31 [SERVER] [INFO] Saving players
2014-07-20 14:04:31 [SERVER] [INFO] Player1234 left the game
2014-07-20 14:04:31 [SERVER] [INFO] Saving worlds
2014-07-20 14:04:31 [SERVER] [INFO] Saving chunks for level 'New World'/Overworld
2014-07-20 14:04:32 [SERVER] [INFO] Saving chunks for level 'New World'/Nether
2014-07-20 14:04:32 [SERVER] [INFO] Saving chunks for level 'New World'/The End
2014-07-20 14:32:17 [SERVER] [INFO] Starting integrated minecraft server version 1.6.4
2014-07-20 14:32:17 [SERVER] [INFO] Generating keypair
2014-07-20 14:32:18 [SERVER] [INFO] Preparing start region for level 0
2014-07-20 14:32:19 [SERVER] [INFO] Player1234[/127.0.0.1:0] logged in with entity id 285 at (236.38090137190255, 75.0, 19.380940138899295)
2014-07-20 14:32:19 [SERVER] [INFO] Player1234 joined the game
2014-07-20 14:33:24 [SERVER] [INFO] Starting integrated minecraft server version 1.6.4
2014-07-20 14:33:24 [SERVER] [INFO] Generating keypair
2014-07-20 14:33:24 [SERVER] [INFO] Preparing start region for level 0
2014-07-20 14:33:26 [SERVER] [INFO] Player1234[/127.0.0.1:0] logged in with entity id 285 at (236.38090137190255, 75.0, 19.380940138899295)
2014-07-20 14:33:26 [SERVER] [INFO] Player1234 joined the game
2014-07-20 14:33:33 [SERVER] [INFO] Stopping server
2014-07-20 14:33:33 [SERVER] [INFO] Saving players
2014-07-20 14:33:33 [SERVER] [INFO] Player1234 left the game
2014-07-20 14:33:33 [SERVER] [INFO] Saving worlds
2014-07-20 14:33:33 [SERVER] [INFO] Saving chunks for level 'New World'/Overworld
2014-07-20 14:33:33 [SERVER] [INFO] Saving chunks for level 'New World'/Nether
2014-07-20 14:33:33 [SERVER] [INFO] Saving chunks for level 'New World'/The End
2014-07-20 14:35:18 [SERVER] [INFO] Starting integrated minecraft server version 1.6.4
2014-07-20 14:35:18 [SERVER] [INFO] Generating keypair
2014-07-20 14:35:18 [SERVER] [INFO] Preparing start region for level 0
2014-07-20 14:35:19 [SERVER] [INFO] Player1234[/127.0.0.1:0] logged in with entity id 283 at (236.64274438898215, 75.0, 23.07870924249842)
2014-07-20 14:35:19 [SERVER] [INFO] Player1234 joined the game
2014-07-20 14:35:27 [SERVER] [INFO] Stopping server
2014-07-20 14:35:27 [SERVER] [INFO] Saving players
2014-07-20 14:35:27 [SERVER] [INFO] Player1234 left the game
2014-07-20 14:35:27 [SERVER] [INFO] Saving worlds
2014-07-20 14:35:27 [SERVER] [INFO] Saving chunks for level 'New World'/Overworld
2014-07-20 14:35:27 [SERVER] [INFO] Saving chunks for level 'New World'/Nether
2014-07-20 14:35:27 [SERVER] [INFO] Saving chunks for level 'New World'/The End
2014-07-20 14:37:40 [SERVER] [INFO] Starting integrated minecraft server version 1.6.4
2014-07-20 14:37:40 [SERVER] [INFO] Generating keypair
2014-07-20 14:37:41 [SERVER] [INFO] Preparing start region for level 0
2014-07-20 14:37:42 [SERVER] [INFO] Player1234[/127.0.0.1:0] logged in with entity id 284 at (236.7017819886727, 75.0, 21.19272302586712)
2014-07-20 14:37:42 [SERVER] [INFO] Player1234 joined the game
2014-07-20 14:37:43 [SERVER] [INFO] Stopping server
2014-07-20 14:37:43 [SERVER] [INFO] Saving players
2014-07-20 14:37:43 [SERVER] [INFO] Player1234 left the game
2014-07-20 14:37:43 [SERVER] [INFO] Saving worlds
2014-07-20 14:37:43 [SERVER] [INFO] Saving chunks for level 'New World'/Overworld
2014-07-20 14:37:43 [SERVER] [INFO] Saving chunks for level 'New World'/Nether
2014-07-20 14:37:43 [SERVER] [INFO] Saving chunks for level 'New World'/The End
2014-07-20 14:38:13 [SERVER] [INFO] Starting integrated minecraft server version 1.6.4
2014-07-20 14:38:13 [SERVER] [INFO] Generating keypair
2014-07-20 14:38:13 [SERVER] [INFO] Converting map!
2014-07-20 14:38:13 [SERVER] [INFO] Scanning folders...
2014-07-20 14:38:13 [SERVER] [INFO] Total conversion count is 0
2014-07-20 14:38:13 [SERVER] [INFO] Preparing start region for level 0
2014-07-20 14:38:14 [SERVER] [INFO] Preparing spawn area: 16%
2014-07-20 14:38:15 [SERVER] [INFO] Preparing spawn area: 38%
2014-07-20 14:38:16 [SERVER] [INFO] Preparing spawn area: 64%
2014-07-20 14:38:17 [SERVER] [INFO] Preparing spawn area: 83%
2014-07-20 14:38:18 [SERVER] [INFO] Player1234[/127.0.0.1:0] logged in with entity id 221 at (-117.5, 66.0, 219.5)
2014-07-20 14:38:18 [SERVER] [INFO] Player1234 joined the game
2014-07-20 14:38:29 [SERVER] [INFO] Stopping server
2014-07-20 14:38:29 [SERVER] [INFO] Saving players
2014-07-20 14:38:29 [SERVER] [INFO] Player1234 left the game
2014-07-20 14:38:29 [SERVER] [INFO] Saving worlds
2014-07-20 14:38:29 [SERVER] [INFO] Saving chunks for level 'New World'/Overworld
2014-07-20 14:38:30 [SERVER] [INFO] Saving chunks for level 'New World'/Nether
2014-07-20 14:38:30 [SERVER] [INFO] Saving chunks for level 'New World'/The End
2014-07-20 14:40:19 [SERVER] [INFO] Starting integrated minecraft server version 1.6.4
2014-07-20 14:40:19 [SERVER] [INFO] Generating keypair
2014-07-20 14:40:19 [SERVER] [INFO] Preparing start region for level 0
2014-07-20 14:40:20 [SERVER] [INFO] Player1234[/127.0.0.1:0] logged in with entity id 476 at (-115.5007681925064, 64.0, 221.86249428749932)
2014-07-20 14:40:20 [SERVER] [INFO] Player1234 joined the game
2014-07-20 14:40:21 [SERVER] [INFO] Stopping server
2014-07-20 14:40:21 [SERVER] [INFO] Saving players
2014-07-20 14:40:21 [SERVER] [INFO] Player1234 left the game
2014-07-20 14:40:21 [SERVER] [INFO] Saving worlds
2014-07-20 14:40:21 [SERVER] [INFO] Saving chunks for level 'New World'/Overworld
2014-07-20 14:40:22 [SERVER] [INFO] Saving chunks for level 'New World'/Nether
2014-07-20 14:40:22 [SERVER] [INFO] Saving chunks for level 'New World'/The End
2014-07-20 14:53:31 [SERVER] [INFO] Starting integrated minecraft server version 1.6.4
2014-07-20 14:53:31 [SERVER] [INFO] Generating keypair
2014-07-20 14:53:31 [SERVER] [INFO] Preparing start region for level 0
2014-07-20 14:53:33 [SERVER] [INFO] Player1234[/127.0.0.1:0] logged in with entity id 446 at (-115.5007681925064, 64.0, 221.86249428749932)
2014-07-20 14:53:33 [SERVER] [INFO] Player1234 joined the game
2014-07-20 14:53:33 [SERVER] [INFO] Stopping server
2014-07-20 14:53:33 [SERVER] [INFO] Saving players
2014-07-20 14:53:33 [SERVER] [INFO] Player1234 left the game
2014-07-20 14:53:33 [SERVER] [INFO] Saving worlds
2014-07-20 14:53:33 [SERVER] [INFO] Saving chunks for level 'New World'/Overworld
2014-07-20 14:53:34 [SERVER] [INFO] Saving chunks for level 'New World'/Nether
2014-07-20 14:53:34 [SERVER] [INFO] Saving chunks for level 'New World'/The End
2014-07-20 14:54:55 [SERVER] [INFO] Starting integrated minecraft server version 1.6.4
2014-07-20 14:54:55 [SERVER] [INFO] Generating keypair
2014-07-20 14:54:55 [SERVER] [INFO] Converting map!
2014-07-20 14:54:55 [SERVER] [INFO] Scanning folders...
2014-07-20 14:54:55 [SERVER] [INFO] Total conversion count is 0
2014-07-20 14:54:55 [SERVER] [INFO] Preparing start region for level 0
2014-07-20 14:54:56 [SERVER] [INFO] Preparing spawn area: 16%
2014-07-20 14:54:57 [SERVER] [INFO] Preparing spawn area: 39%
2014-07-20 14:54:58 [SERVER] [INFO] Preparing spawn area: 64%
2014-07-20 14:54:59 [SERVER] [INFO] Preparing spawn area: 84%
2014-07-20 14:55:00 [SERVER] [INFO] Player1234[/127.0.0.1:0] logged in with entity id 221 at (-117.5, 66.0, 219.5)
2014-07-20 14:55:00 [SERVER] [INFO] Player1234 joined the game
2014-07-20 14:55:11 [SERVER] [INFO] Stopping server
2014-07-20 14:55:11 [SERVER] [INFO] Saving players
2014-07-20 14:55:11 [SERVER] [INFO] Player1234 left the game
2014-07-20 14:55:11 [SERVER] [INFO] Saving worlds
2014-07-20 14:55:11 [SERVER] [INFO] Stopping server
2014-07-20 14:55:11 [SERVER] [INFO] Saving chunks for level 'Copy of New World'/Overworld
2014-07-20 14:58:29 [SERVER] [INFO] Starting integrated minecraft server version 1.6.4
2014-07-20 14:58:29 [SERVER] [INFO] Generating keypair
2014-07-20 14:58:30 [SERVER] [INFO] Preparing start region for level 0
2014-07-20 14:58:31 [SERVER] [INFO] Player1234[/127.0.0.1:0] logged in with entity id 491 at (-117.30000001192093, 66.0, 220.14232154689614)
2014-07-20 14:58:31 [SERVER] [INFO] Player1234 joined the game
2014-07-20 14:59:32 [SERVER] [INFO] Saving and pausing game...
2014-07-20 14:59:32 [SERVER] [INFO] Saving chunks for level 'Copy of New World'/Overworld
2014-07-20 14:59:32 [SERVER] [INFO] Saving chunks for level 'Copy of New World'/Nether
2014-07-20 14:59:32 [SERVER] [INFO] Saving chunks for level 'Copy of New World'/The End
2014-07-20 14:59:33 [SERVER] [INFO] Stopping server
2014-07-20 14:59:33 [SERVER] [INFO] Saving players
2014-07-20 14:59:33 [SERVER] [INFO] Player1234 left the game
2014-07-20 14:59:33 [SERVER] [INFO] Saving worlds
2014-07-20 14:59:33 [SERVER] [INFO] Saving chunks for level 'Copy of New World'/Overworld
2014-07-20 14:59:33 [SERVER] [INFO] Saving chunks for level 'Copy of New World'/Nether
2014-07-20 14:59:33 [SERVER] [INFO] Saving chunks for level 'Copy of New World'/The End
2014-07-20 15:00:51 [SERVER] [INFO] Starting integrated minecraft server version 1.6.4
2014-07-20 15:00:51 [SERVER] [INFO] Generating keypair
2014-07-20 15:00:51 [SERVER] [INFO] Preparing start region for level 0
2014-07-20 15:00:52 [SERVER] [INFO] Player1234[/127.0.0.1:0] logged in with entity id 377 at (-118.26875577240726, 66.0, 220.4762645191983)
2014-07-20 15:00:52 [SERVER] [INFO] Player1234 joined the game
2014-07-20 15:00:59 [SERVER] [SEVERE] Encountered an unexpected exception ReportedException
net.minecraft.util.ReportedException: Ticking memory connection
	at net.minecraft.network.NetworkListenThread.networkTick(NetworkListenThread.java:63)
	at net.minecraft.server.integrated.IntegratedServerListenThread.networkTick(IntegratedServerListenThread.java:109)
	at net.minecraft.server.MinecraftServer.updateTimeLightAndEntities(MinecraftServer.java:691)
	at net.minecraft.server.MinecraftServer.tick(MinecraftServer.java:587)
	at net.minecraft.server.integrated.IntegratedServer.tick(IntegratedServer.java:129)
	at net.minecraft.server.MinecraftServer.run(MinecraftServer.java:484)
	at net.minecraft.server.ThreadMinecraftServer.run(ThreadMinecraftServer.java:583)
Caused by: java.lang.NullPointerException
	at com.itszuvalex.femtocraft.power.blocks.BlockPlasmaConduit.boundingBoxForDirection(BlockPlasmaConduit.java:124)
	at com.itszuvalex.femtocraft.power.blocks.BlockPlasmaConduit.addCollisionBoxesToList(BlockPlasmaConduit.java:102)
	at net.minecraft.world.World.getCollidingBoundingBoxes(World.java:1684)
	at net.minecraft.entity.Entity.moveEntity(Entity.java:740)
	at net.minecraft.network.NetServerHandler.handleFlying(NetServerHandler.java:342)
	at net.minecraft.network.packet.Packet10Flying.processPacket(Packet10Flying.java:136)
	at net.minecraft.network.MemoryConnection.processReadPackets(MemoryConnection.java:89)
	at net.minecraft.network.NetServerHandler.networkTick(NetServerHandler.java:141)
	at net.minecraft.network.NetworkListenThread.networkTick(NetworkListenThread.java:54)
	... 6 more
2014-07-20 15:00:59 [SERVER] [SEVERE] This crash report has been saved to: /Users/chris/Documents/Minecraft Project/Femtocraft/eclipse/./crash-reports/crash-2014-07-20_15.00.59-server.txt
2014-07-20 15:00:59 [SERVER] [INFO] Stopping server
2014-07-20 15:00:59 [SERVER] [INFO] Saving players
2014-07-20 15:00:59 [SERVER] [INFO] Player1234 left the game
2014-07-20 15:00:59 [SERVER] [INFO] Saving worlds
2014-07-20 15:00:59 [SERVER] [INFO] Saving chunks for level 'Copy of New World'/Overworld
2014-07-20 15:00:59 [SERVER] [INFO] Stopping server
2014-07-20 15:00:59 [SERVER] [INFO] Saving players
2014-07-20 15:01:39 [SERVER] [INFO] Starting integrated minecraft server version 1.6.4
2014-07-20 15:01:39 [SERVER] [INFO] Generating keypair
2014-07-20 15:01:40 [SERVER] [INFO] Preparing start region for level 0
2014-07-20 15:01:41 [SERVER] [INFO] Player1234[/127.0.0.1:0] logged in with entity id 381 at (-116.69999998807907, 65.9303387100694, 223.25748924521375)
2014-07-20 15:01:41 [SERVER] [INFO] Player1234 joined the game
2014-07-20 15:02:06 [SERVER] [INFO] Saving and pausing game...
2014-07-20 15:02:06 [SERVER] [INFO] Saving chunks for level 'Copy of New World'/Overworld
2014-07-20 15:02:06 [SERVER] [INFO] Saving chunks for level 'Copy of New World'/Nether
2014-07-20 15:02:06 [SERVER] [INFO] Saving chunks for level 'Copy of New World'/The End
2014-07-20 15:02:07 [SERVER] [INFO] Stopping server
2014-07-20 15:02:07 [SERVER] [INFO] Saving players
2014-07-20 15:02:07 [SERVER] [INFO] Player1234 left the game
2014-07-20 15:02:07 [SERVER] [INFO] Saving worlds
2014-07-20 15:02:07 [SERVER] [INFO] Saving chunks for level 'Copy of New World'/Overworld
2014-07-20 15:02:07 [SERVER] [INFO] Saving chunks for level 'Copy of New World'/Nether
2014-07-20 15:02:07 [SERVER] [INFO] Saving chunks for level 'Copy of New World'/The End
2014-07-20 15:02:38 [SERVER] [INFO] Starting integrated minecraft server version 1.6.4
2014-07-20 15:02:38 [SERVER] [INFO] Generating keypair
2014-07-20 15:02:39 [SERVER] [INFO] Preparing start region for level 0
2014-07-20 15:02:40 [SERVER] [INFO] Player1234[/127.0.0.1:0] logged in with entity id 385 at (-118.60573936052103, 66.0, 220.93854726561972)
2014-07-20 15:02:40 [SERVER] [INFO] Player1234 joined the game
2014-07-20 15:07:01 [SERVER] [INFO] Saving and pausing game...
2014-07-20 15:07:01 [SERVER] [INFO] Saving chunks for level 'Copy of New World'/Overworld
2014-07-20 15:07:01 [SERVER] [INFO] Saving chunks for level 'Copy of New World'/Nether
2014-07-20 15:07:01 [SERVER] [INFO] Saving chunks for level 'Copy of New World'/The End
2014-07-20 15:07:02 [SERVER] [INFO] Stopping server
2014-07-20 15:07:02 [SERVER] [INFO] Saving players
2014-07-20 15:07:02 [SERVER] [INFO] Player1234 left the game
2014-07-20 15:07:02 [SERVER] [INFO] Saving worlds
2014-07-20 15:07:02 [SERVER] [INFO] Saving chunks for level 'Copy of New World'/Overworld
2014-07-20 15:07:02 [SERVER] [INFO] Saving chunks for level 'Copy of New World'/Nether
2014-07-20 15:07:02 [SERVER] [INFO] Saving chunks for level 'Copy of New World'/The End
2014-07-20 15:18:23 [SERVER] [INFO] Starting integrated minecraft server version 1.6.4
2014-07-20 15:18:23 [SERVER] [INFO] Generating keypair
2014-07-20 15:18:23 [SERVER] [INFO] Preparing start region for level 0
2014-07-20 15:18:24 [SERVER] [INFO] Player1234[/127.0.0.1:0] logged in with entity id 301 at (-116.49769060068323, 67.99657404410092, 221.83403545137207)
2014-07-20 15:18:24 [SERVER] [INFO] Player1234 joined the game
2014-07-20 15:18:58 [SERVER] [INFO] Saving and pausing game...
2014-07-20 15:18:58 [SERVER] [INFO] Saving chunks for level 'Copy of New World'/Overworld
2014-07-20 15:18:58 [SERVER] [INFO] Saving chunks for level 'Copy of New World'/Nether
2014-07-20 15:18:58 [SERVER] [INFO] Saving chunks for level 'Copy of New World'/The End
2014-07-20 15:19:15 [SERVER] [INFO] Saving and pausing game...
2014-07-20 15:19:15 [SERVER] [INFO] Saving chunks for level 'Copy of New World'/Overworld
2014-07-20 15:19:15 [SERVER] [INFO] Saving chunks for level 'Copy of New World'/Nether
2014-07-20 15:19:15 [SERVER] [INFO] Saving chunks for level 'Copy of New World'/The End
2014-07-20 15:20:02 [SERVER] [INFO] Saving and pausing game...
2014-07-20 15:20:02 [SERVER] [INFO] Saving chunks for level 'Copy of New World'/Overworld
2014-07-20 15:20:02 [SERVER] [INFO] Saving chunks for level 'Copy of New World'/Nether
2014-07-20 15:20:02 [SERVER] [INFO] Saving chunks for level 'Copy of New World'/The End
2014-07-20 15:23:12 [SERVER] [INFO] [Player1234: Set the time to 1200]
2014-07-20 15:23:19 [SERVER] [INFO] Saving and pausing game...
2014-07-20 15:23:19 [SERVER] [INFO] Saving chunks for level 'Copy of New World'/Overworld
2014-07-20 15:23:19 [SERVER] [INFO] Saving chunks for level 'Copy of New World'/Nether
2014-07-20 15:23:19 [SERVER] [INFO] Saving chunks for level 'Copy of New World'/The End
2014-07-20 15:23:19 [SERVER] [INFO] Stopping server
2014-07-20 15:23:19 [SERVER] [INFO] Saving players
2014-07-20 15:23:19 [SERVER] [INFO] Player1234 left the game
2014-07-20 15:23:19 [SERVER] [INFO] Saving worlds
2014-07-20 15:23:19 [SERVER] [INFO] Saving chunks for level 'Copy of New World'/Overworld
2014-07-20 15:23:19 [SERVER] [INFO] Saving chunks for level 'Copy of New World'/Nether
2014-07-20 15:23:19 [SERVER] [INFO] Saving chunks for level 'Copy of New World'/The End
2014-07-20 15:30:08 [SERVER] [INFO] Starting integrated minecraft server version 1.6.4
2014-07-20 15:30:08 [SERVER] [INFO] Generating keypair
2014-07-20 15:30:09 [SERVER] [INFO] Preparing start region for level 0
2014-07-20 15:30:10 [SERVER] [INFO] Player1234[/127.0.0.1:0] logged in with entity id 259 at (-113.66084653886955, 64.0, 224.3034948424244)
2014-07-20 15:30:10 [SERVER] [INFO] Player1234 joined the game
2014-07-20 15:30:40 [SERVER] [INFO] Saving and pausing game...
2014-07-20 15:30:40 [SERVER] [INFO] Saving chunks for level 'Copy of New World'/Overworld
2014-07-20 15:30:40 [SERVER] [INFO] Saving chunks for level 'Copy of New World'/Nether
2014-07-20 15:30:40 [SERVER] [INFO] Saving chunks for level 'Copy of New World'/The End
2014-07-20 15:30:41 [SERVER] [INFO] Stopping server
2014-07-20 15:30:41 [SERVER] [INFO] Saving players
2014-07-20 15:30:41 [SERVER] [INFO] Player1234 left the game
2014-07-20 15:30:41 [SERVER] [INFO] Saving worlds
2014-07-20 15:30:41 [SERVER] [INFO] Saving chunks for level 'Copy of New World'/Overworld
2014-07-20 15:30:41 [SERVER] [INFO] Saving chunks for level 'Copy of New World'/Nether
2014-07-20 15:30:41 [SERVER] [INFO] Saving chunks for level 'Copy of New World'/The End
2014-07-20 15:31:35 [SERVER] [INFO] Starting integrated minecraft server version 1.6.4
2014-07-20 15:31:35 [SERVER] [INFO] Generating keypair
2014-07-20 15:31:36 [SERVER] [INFO] Preparing start region for level 0
2014-07-20 15:31:36 [SERVER] [INFO] Player1234[/127.0.0.1:0] logged in with entity id 255 at (-113.57827207670925, 64.0, 222.8499081731622)
2014-07-20 15:31:37 [SERVER] [INFO] Player1234 joined the game
2014-07-20 15:32:02 [SERVER] [INFO] Saving and pausing game...
2014-07-20 15:32:02 [SERVER] [INFO] Saving chunks for level 'Copy of New World'/Overworld
2014-07-20 15:32:02 [SERVER] [INFO] Saving chunks for level 'Copy of New World'/Nether
2014-07-20 15:32:02 [SERVER] [INFO] Saving chunks for level 'Copy of New World'/The End
2014-07-20 15:32:02 [SERVER] [INFO] Stopping server
2014-07-20 15:32:02 [SERVER] [INFO] Saving players
2014-07-20 15:32:02 [SERVER] [INFO] Player1234 left the game
2014-07-20 15:32:02 [SERVER] [INFO] Saving worlds
2014-07-20 15:32:02 [SERVER] [INFO] Saving chunks for level 'Copy of New World'/Overworld
2014-07-20 15:32:02 [SERVER] [INFO] Saving chunks for level 'Copy of New World'/Nether
2014-07-20 15:32:02 [SERVER] [INFO] Saving chunks for level 'Copy of New World'/The End
2014-07-20 15:33:45 [SERVER] [INFO] Starting integrated minecraft server version 1.6.4
2014-07-20 15:33:45 [SERVER] [INFO] Generating keypair
2014-07-20 15:33:45 [SERVER] [INFO] Preparing start region for level 0
2014-07-20 15:33:46 [SERVER] [INFO] Player1234[/127.0.0.1:0] logged in with entity id 254 at (-115.40856418203317, 64.0, 221.2614699828907)
2014-07-20 15:33:46 [SERVER] [INFO] Player1234 joined the game
2014-07-20 15:34:15 [SERVER] [INFO] Saving and pausing game...
2014-07-20 15:34:15 [SERVER] [INFO] Saving chunks for level 'Copy of New World'/Overworld
2014-07-20 15:34:15 [SERVER] [INFO] Saving chunks for level 'Copy of New World'/Nether
2014-07-20 15:34:15 [SERVER] [INFO] Saving chunks for level 'Copy of New World'/The End
2014-07-20 15:34:16 [SERVER] [INFO] Stopping server
2014-07-20 15:34:16 [SERVER] [INFO] Saving players
2014-07-20 15:34:16 [SERVER] [INFO] Player1234 left the game
2014-07-20 15:34:16 [SERVER] [INFO] Saving worlds
2014-07-20 15:34:16 [SERVER] [INFO] Saving chunks for level 'Copy of New World'/Overworld
2014-07-20 15:34:16 [SERVER] [INFO] Saving chunks for level 'Copy of New World'/Nether
2014-07-20 15:34:16 [SERVER] [INFO] Saving chunks for level 'Copy of New World'/The End
2014-07-20 15:34:56 [SERVER] [INFO] Starting integrated minecraft server version 1.6.4
2014-07-20 15:34:56 [SERVER] [INFO] Generating keypair
2014-07-20 15:34:56 [SERVER] [INFO] Preparing start region for level 0
2014-07-20 15:34:57 [SERVER] [INFO] Player1234[/127.0.0.1:0] logged in with entity id 254 at (-114.56789484010919, 64.0, 220.6280084451984)
2014-07-20 15:34:57 [SERVER] [INFO] Player1234 joined the game
2014-07-20 15:35:15 [SERVER] [INFO] Saving and pausing game...
2014-07-20 15:35:15 [SERVER] [INFO] Saving chunks for level 'Copy of New World'/Overworld
2014-07-20 15:35:15 [SERVER] [INFO] Saving chunks for level 'Copy of New World'/Nether
2014-07-20 15:35:15 [SERVER] [INFO] Saving chunks for level 'Copy of New World'/The End
2014-07-20 15:35:16 [SERVER] [INFO] Stopping server
2014-07-20 15:35:16 [SERVER] [INFO] Saving players
2014-07-20 15:35:16 [SERVER] [INFO] Player1234 left the game
2014-07-20 15:35:16 [SERVER] [INFO] Saving worlds
2014-07-20 15:35:16 [SERVER] [INFO] Saving chunks for level 'Copy of New World'/Overworld
2014-07-20 15:35:16 [SERVER] [INFO] Saving chunks for level 'Copy of New World'/Nether
2014-07-20 15:35:16 [SERVER] [INFO] Saving chunks for level 'Copy of New World'/The End
2014-07-20 15:35:42 [SERVER] [INFO] Starting integrated minecraft server version 1.6.4
2014-07-20 15:35:42 [SERVER] [INFO] Generating keypair
2014-07-20 15:35:42 [SERVER] [INFO] Preparing start region for level 0
2014-07-20 15:35:43 [SERVER] [INFO] Player1234[/127.0.0.1:0] logged in with entity id 256 at (-114.53890057403063, 64.0, 220.7445354374847)
2014-07-20 15:35:43 [SERVER] [INFO] Player1234 joined the game
2014-07-20 15:36:10 [SERVER] [INFO] Saving and pausing game...
2014-07-20 15:36:10 [SERVER] [INFO] Saving chunks for level 'Copy of New World'/Overworld
2014-07-20 15:36:10 [SERVER] [INFO] Saving chunks for level 'Copy of New World'/Nether
2014-07-20 15:36:10 [SERVER] [INFO] Saving chunks for level 'Copy of New World'/The End
2014-07-20 15:36:10 [SERVER] [INFO] Stopping server
2014-07-20 15:36:10 [SERVER] [INFO] Saving players
2014-07-20 15:36:10 [SERVER] [INFO] Player1234 left the game
2014-07-20 15:36:10 [SERVER] [INFO] Saving worlds
2014-07-20 15:36:10 [SERVER] [INFO] Saving chunks for level 'Copy of New World'/Overworld
2014-07-20 15:36:10 [SERVER] [INFO] Saving chunks for level 'Copy of New World'/Nether
2014-07-20 15:36:10 [SERVER] [INFO] Saving chunks for level 'Copy of New World'/The End
2014-07-20 15:38:58 [SERVER] [INFO] Starting integrated minecraft server version 1.6.4
2014-07-20 15:38:58 [SERVER] [INFO] Generating keypair
2014-07-20 15:38:59 [SERVER] [INFO] Preparing start region for level 0
2014-07-20 15:39:00 [SERVER] [INFO] Player1234[/127.0.0.1:0] logged in with entity id 255 at (-115.10586089921317, 64.0, 220.8959433019417)
2014-07-20 15:39:00 [SERVER] [INFO] Player1234 joined the game
2014-07-20 15:39:15 [SERVER] [INFO] Saving and pausing game...
2014-07-20 15:39:15 [SERVER] [INFO] Saving chunks for level 'Copy of New World'/Overworld
2014-07-20 15:39:15 [SERVER] [INFO] Saving chunks for level 'Copy of New World'/Nether
2014-07-20 15:39:15 [SERVER] [INFO] Saving chunks for level 'Copy of New World'/The End
2014-07-20 15:39:16 [SERVER] [INFO] Stopping server
2014-07-20 15:39:16 [SERVER] [INFO] Saving players
2014-07-20 15:39:16 [SERVER] [INFO] Player1234 left the game
2014-07-20 15:39:16 [SERVER] [INFO] Saving worlds
2014-07-20 15:39:16 [SERVER] [INFO] Saving chunks for level 'Copy of New World'/Overworld
2014-07-20 15:39:16 [SERVER] [INFO] Saving chunks for level 'Copy of New World'/Nether
2014-07-20 15:39:16 [SERVER] [INFO] Saving chunks for level 'Copy of New World'/The End
2014-07-20 15:39:44 [SERVER] [INFO] Starting integrated minecraft server version 1.6.4
2014-07-20 15:39:44 [SERVER] [INFO] Generating keypair
2014-07-20 15:39:44 [SERVER] [INFO] Preparing start region for level 0
2014-07-20 15:39:45 [SERVER] [INFO] Player1234[/127.0.0.1:0] logged in with entity id 255 at (-114.55597262464198, 64.0, 220.71985867111817)
2014-07-20 15:39:45 [SERVER] [INFO] Player1234 joined the game
2014-07-20 15:40:10 [SERVER] [INFO] Saving and pausing game...
2014-07-20 15:40:10 [SERVER] [INFO] Saving chunks for level 'Copy of New World'/Overworld
2014-07-20 15:40:10 [SERVER] [INFO] Saving chunks for level 'Copy of New World'/Nether
2014-07-20 15:40:10 [SERVER] [INFO] Saving chunks for level 'Copy of New World'/The End
2014-07-20 15:40:10 [SERVER] [INFO] Stopping server
2014-07-20 15:40:10 [SERVER] [INFO] Saving players
2014-07-20 15:40:10 [SERVER] [INFO] Player1234 left the game
2014-07-20 15:40:10 [SERVER] [INFO] Saving worlds
2014-07-20 15:40:10 [SERVER] [INFO] Saving chunks for level 'Copy of New World'/Overworld
2014-07-20 15:40:10 [SERVER] [INFO] Saving chunks for level 'Copy of New World'/Nether
2014-07-20 15:40:10 [SERVER] [INFO] Saving chunks for level 'Copy of New World'/The End
2014-07-20 15:40:52 [SERVER] [INFO] Starting integrated minecraft server version 1.6.4
2014-07-20 15:40:52 [SERVER] [INFO] Generating keypair
2014-07-20 15:40:52 [SERVER] [INFO] Preparing start region for level 0
2014-07-20 15:40:53 [SERVER] [INFO] Player1234[/127.0.0.1:0] logged in with entity id 254 at (-116.14481275589567, 64.0, 221.58944185402132)
2014-07-20 15:40:53 [SERVER] [INFO] Player1234 joined the game
2014-07-20 15:41:01 [SERVER] [INFO] Saving and pausing game...
2014-07-20 15:41:01 [SERVER] [INFO] Saving chunks for level 'Copy of New World'/Overworld
2014-07-20 15:41:01 [SERVER] [INFO] Saving chunks for level 'Copy of New World'/Nether
2014-07-20 15:41:01 [SERVER] [INFO] Saving chunks for level 'Copy of New World'/The End
2014-07-20 15:41:01 [SERVER] [INFO] Stopping server
2014-07-20 15:41:01 [SERVER] [INFO] Saving players
2014-07-20 15:41:01 [SERVER] [INFO] Player1234 left the game
2014-07-20 15:41:01 [SERVER] [INFO] Saving worlds
2014-07-20 15:41:01 [SERVER] [INFO] Saving chunks for level 'Copy of New World'/Overworld
2014-07-20 15:41:01 [SERVER] [INFO] Saving chunks for level 'Copy of New World'/Nether
2014-07-20 15:41:01 [SERVER] [INFO] Saving chunks for level 'Copy of New World'/The End
2014-07-20 15:41:58 [SERVER] [INFO] Starting integrated minecraft server version 1.6.4
2014-07-20 15:41:58 [SERVER] [INFO] Generating keypair
2014-07-20 15:41:58 [SERVER] [INFO] Preparing start region for level 0
2014-07-20 15:41:59 [SERVER] [INFO] Player1234[/127.0.0.1:0] logged in with entity id 254 at (-115.74533216096015, 64.0, 221.999259115903)
2014-07-20 15:41:59 [SERVER] [INFO] Player1234 joined the game
2014-07-20 15:48:06 [SERVER] [INFO] [Player1234: Set the time to 1200]
2014-07-20 15:54:11 [SERVER] [INFO] Saving and pausing game...
2014-07-20 15:54:11 [SERVER] [INFO] Saving chunks for level 'Copy of New World'/Overworld
2014-07-20 15:54:11 [SERVER] [INFO] Saving chunks for level 'Copy of New World'/Nether
2014-07-20 15:54:11 [SERVER] [INFO] Saving chunks for level 'Copy of New World'/The End
2014-07-20 15:54:20 [SERVER] [INFO] Stopping server
2014-07-20 15:54:20 [SERVER] [INFO] Saving players
2014-07-20 15:54:20 [SERVER] [INFO] Player1234 left the game
2014-07-20 15:54:20 [SERVER] [INFO] Saving worlds
2014-07-20 15:54:20 [SERVER] [INFO] Saving chunks for level 'Copy of New World'/Overworld
2014-07-20 15:54:20 [SERVER] [INFO] Saving chunks for level 'Copy of New World'/Nether
2014-07-20 15:54:20 [SERVER] [INFO] Saving chunks for level 'Copy of New World'/The End
2014-07-20 15:54:48 [SERVER] [INFO] Starting integrated minecraft server version 1.6.4
2014-07-20 15:54:48 [SERVER] [INFO] Generating keypair
2014-07-20 15:54:48 [SERVER] [INFO] Preparing start region for level 0
2014-07-20 15:54:49 [SERVER] [INFO] Player1234[/127.0.0.1:0] logged in with entity id 255 at (-117.20898121458609, 66.0, 223.69999998807907)
2014-07-20 15:54:49 [SERVER] [INFO] Player1234 joined the game
2014-07-20 15:55:04 [SERVER] [INFO] Saving and pausing game...
2014-07-20 15:55:04 [SERVER] [INFO] Saving chunks for level 'Copy of New World'/Overworld
2014-07-20 15:55:04 [SERVER] [INFO] Saving chunks for level 'Copy of New World'/Nether
2014-07-20 15:55:04 [SERVER] [INFO] Saving chunks for level 'Copy of New World'/The End
2014-07-20 15:55:05 [SERVER] [INFO] Stopping server
2014-07-20 15:55:05 [SERVER] [INFO] Saving players
2014-07-20 15:55:05 [SERVER] [INFO] Player1234 left the game
2014-07-20 15:55:05 [SERVER] [INFO] Saving worlds
2014-07-20 15:55:05 [SERVER] [INFO] Saving chunks for level 'Copy of New World'/Overworld
2014-07-20 15:55:05 [SERVER] [INFO] Saving chunks for level 'Copy of New World'/Nether
2014-07-20 15:55:05 [SERVER] [INFO] Saving chunks for level 'Copy of New World'/The End
2014-07-20 15:55:37 [SERVER] [INFO] Starting integrated minecraft server version 1.6.4
2014-07-20 15:55:37 [SERVER] [INFO] Generating keypair
2014-07-20 15:55:38 [SERVER] [INFO] Preparing start region for level 0
2014-07-20 15:55:39 [SERVER] [INFO] Player1234[/127.0.0.1:0] logged in with entity id 255 at (-113.11096183219946, 64.0, 223.53209992968087)
2014-07-20 15:55:39 [SERVER] [INFO] Player1234 joined the game
2014-07-20 15:56:31 [SERVER] [INFO] Saving and pausing game...
2014-07-20 15:56:31 [SERVER] [INFO] Saving chunks for level 'Copy of New World'/Overworld
2014-07-20 15:56:31 [SERVER] [INFO] Saving chunks for level 'Copy of New World'/Nether
2014-07-20 15:56:31 [SERVER] [INFO] Saving chunks for level 'Copy of New World'/The End
2014-07-20 15:56:32 [SERVER] [INFO] Stopping server
2014-07-20 15:56:32 [SERVER] [INFO] Saving players
2014-07-20 15:56:32 [SERVER] [INFO] Player1234 left the game
2014-07-20 15:56:32 [SERVER] [INFO] Saving worlds
2014-07-20 15:56:32 [SERVER] [INFO] Saving chunks for level 'Copy of New World'/Overworld
2014-07-20 15:56:32 [SERVER] [INFO] Saving chunks for level 'Copy of New World'/Nether
2014-07-20 15:56:32 [SERVER] [INFO] Saving chunks for level 'Copy of New World'/The End
2014-07-20 16:01:38 [SERVER] [INFO] Starting integrated minecraft server version 1.6.4
2014-07-20 16:01:38 [SERVER] [INFO] Generating keypair
2014-07-20 16:01:38 [SERVER] [INFO] Preparing start region for level 0
2014-07-20 16:01:39 [SERVER] [INFO] Player1234[/127.0.0.1:0] logged in with entity id 256 at (-111.75593902026964, 64.0, 223.1432131126192)
2014-07-20 16:01:39 [SERVER] [INFO] Player1234 joined the game
2014-07-20 16:02:19 [SERVER] [INFO] Saving and pausing game...
2014-07-20 16:02:19 [SERVER] [INFO] Saving chunks for level 'Copy of New World'/Overworld
2014-07-20 16:02:19 [SERVER] [INFO] Saving chunks for level 'Copy of New World'/Nether
2014-07-20 16:02:19 [SERVER] [INFO] Saving chunks for level 'Copy of New World'/The End
2014-07-20 16:02:19 [SERVER] [INFO] Stopping server
2014-07-20 16:02:19 [SERVER] [INFO] Saving players
2014-07-20 16:02:19 [SERVER] [INFO] Player1234 left the game
2014-07-20 16:02:19 [SERVER] [INFO] Saving worlds
2014-07-20 16:02:19 [SERVER] [INFO] Saving chunks for level 'Copy of New World'/Overworld
2014-07-20 16:02:19 [SERVER] [INFO] Saving chunks for level 'Copy of New World'/Nether
2014-07-20 16:02:19 [SERVER] [INFO] Saving chunks for level 'Copy of New World'/The End
2014-07-20 16:32:42 [SERVER] [INFO] Starting integrated minecraft server version 1.6.4
2014-07-20 16:32:42 [SERVER] [INFO] Generating keypair
2014-07-20 16:32:43 [SERVER] [INFO] Preparing start region for level 0
2014-07-20 16:32:44 [SERVER] [INFO] Player1234[/127.0.0.1:0] logged in with entity id 258 at (-116.63444475576082, 64.0, 223.51272376586897)
2014-07-20 16:32:44 [SERVER] [INFO] Player1234 joined the game
2014-07-20 16:33:58 [SERVER] [INFO] Saving and pausing game...
2014-07-20 16:33:58 [SERVER] [INFO] Saving chunks for level 'Copy of New World'/Overworld
2014-07-20 16:33:58 [SERVER] [INFO] Saving chunks for level 'Copy of New World'/Nether
2014-07-20 16:33:58 [SERVER] [INFO] Saving chunks for level 'Copy of New World'/The End
2014-07-20 16:34:13 [SERVER] [INFO] [Player1234: Set the time to 1200]
2014-07-20 16:35:15 [SERVER] [INFO] Saving and pausing game...
2014-07-20 16:35:15 [SERVER] [INFO] Saving chunks for level 'Copy of New World'/Overworld
2014-07-20 16:35:15 [SERVER] [INFO] Saving chunks for level 'Copy of New World'/Nether
2014-07-20 16:35:15 [SERVER] [INFO] Saving chunks for level 'Copy of New World'/The End
2014-07-20 16:46:05 [SERVER] [INFO] Saving and pausing game...
2014-07-20 16:46:05 [SERVER] [INFO] Saving chunks for level 'Copy of New World'/Overworld
2014-07-20 16:46:05 [SERVER] [INFO] Saving chunks for level 'Copy of New World'/Nether
2014-07-20 16:46:05 [SERVER] [INFO] Saving chunks for level 'Copy of New World'/The End
2014-07-20 16:46:08 [SERVER] [INFO] Saving and pausing game...
2014-07-20 16:46:08 [SERVER] [INFO] Saving chunks for level 'Copy of New World'/Overworld
2014-07-20 16:46:08 [SERVER] [INFO] Saving chunks for level 'Copy of New World'/Nether
2014-07-20 16:46:08 [SERVER] [INFO] Saving chunks for level 'Copy of New World'/The End
2014-07-20 16:46:08 [SERVER] [INFO] Stopping server
2014-07-20 16:46:08 [SERVER] [INFO] Saving players
2014-07-20 16:46:08 [SERVER] [INFO] Player1234 left the game
2014-07-20 16:46:08 [SERVER] [INFO] Saving worlds
2014-07-20 16:46:08 [SERVER] [INFO] Saving chunks for level 'Copy of New World'/Overworld
2014-07-20 16:46:08 [SERVER] [INFO] Saving chunks for level 'Copy of New World'/Nether
2014-07-20 16:46:08 [SERVER] [INFO] Saving chunks for level 'Copy of New World'/The End
