2013-08-16 21:03:24 [SERVER] [INFO] Starting integrated minecraft server version 1.6.2
2013-08-16 21:03:24 [SERVER] [INFO] Generating keypair
2013-08-16 21:03:24 [SERVER] [INFO] Converting map!
2013-08-16 21:03:24 [SERVER] [INFO] Scanning folders...
2013-08-16 21:03:24 [SERVER] [INFO] Total conversion count is 0
2013-08-16 21:03:25 [SERVER] [INFO] Preparing start region for level 0
2013-08-16 21:03:26 [SERVER] [INFO] Preparing spawn area: 8%
2013-08-16 21:03:27 [SERVER] [INFO] Preparing spawn area: 22%
2013-08-16 21:03:28 [SERVER] [INFO] Preparing spawn area: 37%
2013-08-16 21:03:29 [SERVER] [INFO] Preparing spawn area: 55%
2013-08-16 21:03:30 [SERVER] [INFO] Preparing spawn area: 71%
2013-08-16 21:03:31 [SERVER] [INFO] Preparing spawn area: 89%
2013-08-16 21:03:31 [SERVER] [INFO] Player997[/127.0.0.1:0] logged in with entity id 235 at (232.5, 72.0, 247.5)
2013-08-16 21:03:31 [SERVER] [INFO] Player997 joined the game
2013-08-16 21:03:43 [SERVER] [INFO] Saving and pausing game...
2013-08-16 21:03:43 [SERVER] [INFO] Saving chunks for level 'New World'/Overworld
2013-08-16 21:03:45 [SERVER] [INFO] Saving chunks for level 'New World'/Nether
2013-08-16 21:03:45 [SERVER] [INFO] Saving chunks for level 'New World'/The End
2013-08-16 21:03:45 [SERVER] [INFO] Stopping server
2013-08-16 21:03:45 [SERVER] [INFO] Saving players
2013-08-16 21:03:45 [SERVER] [INFO] Player997 left the game
2013-08-16 21:03:45 [SERVER] [INFO] Saving worlds
2013-08-16 21:03:45 [SERVER] [INFO] Saving chunks for level 'New World'/Overworld
2013-08-16 21:03:45 [SERVER] [INFO] Saving chunks for level 'New World'/Nether
2013-08-16 21:03:45 [SERVER] [INFO] Saving chunks for level 'New World'/The End
2013-08-16 23:35:31 [SERVER] [INFO] Starting integrated minecraft server version 1.6.2
2013-08-16 23:35:31 [SERVER] [INFO] Generating keypair
2013-08-16 23:35:31 [SERVER] [INFO] Preparing start region for level 0
2013-08-16 23:35:32 [SERVER] [INFO] Preparing spawn area: 96%
2013-08-16 23:35:33 [SERVER] [INFO] Player984[/127.0.0.1:0] logged in with entity id 452 at (232.5, 72.0, 247.5)
2013-08-16 23:35:33 [SERVER] [INFO] Player984 joined the game
2013-08-16 23:37:35 [SERVER] [INFO] Saving and pausing game...
2013-08-16 23:37:35 [SERVER] [INFO] Saving chunks for level 'New World'/Overworld
2013-08-16 23:37:35 [SERVER] [INFO] Saving chunks for level 'New World'/Nether
2013-08-16 23:37:35 [SERVER] [INFO] Saving chunks for level 'New World'/The End
2013-08-16 23:37:45 [SERVER] [INFO] Saving and pausing game...
2013-08-16 23:37:45 [SERVER] [INFO] Saving chunks for level 'New World'/Overworld
2013-08-16 23:37:45 [SERVER] [INFO] Saving chunks for level 'New World'/Nether
2013-08-16 23:37:45 [SERVER] [INFO] Saving chunks for level 'New World'/The End
2013-08-16 23:53:41 [SERVER] [INFO] Saving and pausing game...
2013-08-16 23:53:41 [SERVER] [INFO] Saving chunks for level 'New World'/Overworld
2013-08-16 23:53:41 [SERVER] [INFO] Saving chunks for level 'New World'/Nether
2013-08-16 23:53:41 [SERVER] [INFO] Saving chunks for level 'New World'/The End
2013-08-16 23:53:41 [SERVER] [INFO] Stopping server
2013-08-16 23:53:41 [SERVER] [INFO] Saving players
2013-08-16 23:53:41 [SERVER] [INFO] Player984 left the game
2013-08-16 23:53:41 [SERVER] [INFO] Saving worlds
2013-08-16 23:53:41 [SERVER] [INFO] Saving chunks for level 'New World'/Overworld
2013-08-16 23:53:41 [SERVER] [INFO] Saving chunks for level 'New World'/Nether
2013-08-16 23:53:41 [SERVER] [INFO] Saving chunks for level 'New World'/The End
